#
# A fatal error has been detected by the Java Runtime Environment:
#
#  SIGSEGV (0xb) at pc=0x000000012631a86d, pid=31064, tid=73731
#
# JRE version: Java(TM) SE Runtime Environment (13.0+33) (build 13-ea+33)
# Java VM: Java HotSpot(TM) 64-Bit Server VM (13-ea+33, mixed mode, sharing, tiered, compressed oops, g1 gc, bsd-amd64)
# Problematic frame:
# C  [libawt_lwawt.dylib+0x1b86d]  OGLSD_SetScratchSurface+0x1f
#
# No core dump will be written. Core dumps have been disabled. To enable core dumping, try "ulimit -c unlimited" before starting Java again
#
# If you would like to submit a bug report, please visit:
#   http://bugreport.java.com/bugreport/crash.jsp
# The crash happened outside the Java Virtual Machine in native code.
# See problematic frame for where to report the bug.
#

---------------  S U M M A R Y ------------

Command Line: -javaagent:/Applications/IntelliJ IDEA.app/Contents/lib/idea_rt.jar=52100:/Applications/IntelliJ IDEA.app/Contents/bin -Dfile.encoding=UTF-8 CalculatorX

Host: MacBookPro15,4 x86_64 1700 MHz, 8 cores, 8G, Darwin 19.2.0
Time: Mon Jan  6 11:14:13 2020 CST elapsed time: 2155 seconds (0d 0h 35m 55s)

---------------  T H R E A D  ---------------

Current thread (0x00007ff88109b800):  JavaThread "Java2D Queue Flusher" daemon [_thread_in_native, id=73731, stack(0x0000700009495000,0x0000700009595000)]

Stack: [0x0000700009495000,0x0000700009595000],  sp=0x00007000095948e0,  free space=1022k
Native frames: (J=compiled Java code, A=aot compiled Java code, j=interpreted, Vv=VM code, C=native code)
C  [libawt_lwawt.dylib+0x1b86d]  OGLSD_SetScratchSurface+0x1f
C  [libawt_lwawt.dylib+0x3fe6d]  Java_sun_java2d_opengl_OGLRenderQueue_flushBuffer+0x949
J 1695  sun.java2d.opengl.OGLRenderQueue.flushBuffer(JI)V java.desktop@13-ea (0 bytes) @ 0x0000000115c5fcdd [0x0000000115c5fc20+0x00000000000000bd]
J 1660 c1 sun.java2d.opengl.OGLRenderQueue.flushBuffer()V java.desktop@13-ea (41 bytes) @ 0x000000010e9eca9c [0x000000010e9ec960+0x000000000000013c]
j  sun.java2d.opengl.OGLRenderQueue$QueueFlusher.run()V+81 java.desktop@13-ea
j  java.lang.Thread.run()V+11 java.base@13-ea
v  ~StubRoutines::call_stub
V  [libjvm.dylib+0x399327]  JavaCalls::call_helper(JavaValue*, methodHandle const&, JavaCallArguments*, Thread*)+0x285
V  [libjvm.dylib+0x398731]  JavaCalls::call_virtual(JavaValue*, Klass*, Symbol*, Symbol*, JavaCallArguments*, Thread*)+0xe7
V  [libjvm.dylib+0x3987ee]  JavaCalls::call_virtual(JavaValue*, Handle, Klass*, Symbol*, Symbol*, Thread*)+0x62
V  [libjvm.dylib+0x419730]  thread_entry(JavaThread*, Thread*)+0x78
V  [libjvm.dylib+0x730058]  JavaThread::thread_main_inner()+0x86
V  [libjvm.dylib+0x72fe96]  JavaThread::run()+0x124
V  [libjvm.dylib+0x72dcb5]  Thread::call_run()+0x71
V  [libjvm.dylib+0x6265f5]  thread_native_entry(Thread*)+0x132
C  [libsystem_pthread.dylib+0x5e65]  _pthread_start+0x94
C  [libsystem_pthread.dylib+0x183b]  thread_start+0xf

Java frames: (J=compiled Java code, j=interpreted, Vv=VM code)
J 1695  sun.java2d.opengl.OGLRenderQueue.flushBuffer(JI)V java.desktop@13-ea (0 bytes) @ 0x0000000115c5fc68 [0x0000000115c5fc20+0x0000000000000048]
J 1660 c1 sun.java2d.opengl.OGLRenderQueue.flushBuffer()V java.desktop@13-ea (41 bytes) @ 0x000000010e9eca9c [0x000000010e9ec960+0x000000000000013c]
j  sun.java2d.opengl.OGLRenderQueue$QueueFlusher.run()V+81 java.desktop@13-ea
j  java.lang.Thread.run()V+11 java.base@13-ea
v  ~StubRoutines::call_stub

siginfo: si_signo: 11 (SIGSEGV), si_code: 1 (SEGV_MAPERR), si_addr: 0x0000002001000002

Register to memory mapping:

RAX=0x00007ff87ec45310 points into unknown readable memory: 40 39 c5 7e f8 7f 00 00
RBX=0x00007ff87ef5a4d0 points into unknown readable memory: 00 00 00 00 00 00 00 80
RCX=0x0000000000000047 is an unknown value
RDX=0x000000012633ee4a: Java_sun_java2d_opengl_OGLRenderQueue_flushBuffer+0x926 in /Library/Java/JavaVirtualMachines/jdk-13.jdk/Contents/Home/lib/libawt_lwawt.dylib at 0x00000001262ff000
RSP=0x00007000095948e0 is pointing into the stack for thread: 0x00007ff88109b800
RBP=0x0000700009594910 is pointing into the stack for thread: 0x00007ff88109b800
RSI=0x00007ff87ef5a4d0 points into unknown readable memory: 00 00 00 00 00 00 00 80
RDI=0x00007ff88109bb10 points into unknown readable memory: e0 1d 35 04 01 00 00 00
R8 =0x0000000000000567 is an unknown value
R9 =0xffffffff00000000 is an unknown value
R10=0x0000000115c5fc68 is at entry_point+72 in (nmethod*)0x0000000115c5fa90
R11=0x000000010e9ec9a0 is at entry_point+64 in (nmethod*)0x000000010e9ec790
R12=0x00007ff881093810 points into unknown readable memory: 5a 00 00 00 49 00 00 00
R13=0x0000002001000002 is an unknown value
R14=0x000000012633f0dc: Java_sun_java2d_opengl_OGLRenderQueue_flushBuffer+0xbb8 in /Library/Java/JavaVirtualMachines/jdk-13.jdk/Contents/Home/lib/libawt_lwawt.dylib at 0x00000001262ff000
R15=0x00007ff88109bb10 points into unknown readable memory: e0 1d 35 04 01 00 00 00


Registers:
RAX=0x00007ff87ec45310, RBX=0x00007ff87ef5a4d0, RCX=0x0000000000000047, RDX=0x000000012633ee4a
RSP=0x00007000095948e0, RBP=0x0000700009594910, RSI=0x00007ff87ef5a4d0, RDI=0x00007ff88109bb10
R8 =0x0000000000000567, R9 =0xffffffff00000000, R10=0x0000000115c5fc68, R11=0x000000010e9ec9a0
R12=0x00007ff881093810, R13=0x0000002001000002, R14=0x000000012633f0dc, R15=0x00007ff88109bb10
RIP=0x000000012631a86d, EFLAGS=0x0000000000010202, ERR=0x0000000000000004
  TRAPNO=0x000000000000000e

Top of Stack: (sp=0x00007000095948e0)
0x00007000095948e0:   00007ff87ec45310 00007ff87ef5a4d0
0x00007000095948f0:   00007ff881093810 00007ff881093820
0x0000700009594900:   000000012633f0dc 00007ff88109bb10
0x0000700009594910:   0000700009594970 000000012633ee6d
0x0000700009594920:   00000001043c3901 00007ff88109b800
0x0000700009594930:   0000700009594950 000000000414c4ba
0x0000700009594940:   00007ff87ef4d7d0 00000001a36d0040
0x0000700009594950:   0000000000000000 0000700009594a50
0x0000700009594960:   0000700009594ad8 00007ff88109b800
0x0000700009594970:   00007000095949c0 0000000115c5fcdd
0x0000700009594980:   000000078002a600 00007ff88109b800
0x0000700009594990:   0000700009594901 00007ff87ef4df10
0x00007000095949a0:   0000700009594b00 00007ff88109b800
0x00007000095949b0:   00000008003d87b8 0000000000000000
0x00007000095949c0:   0000700009594ab0 000000010e9eca9c
0x00007000095949d0:   0000700009594a20 0000000115c307db
0x00007000095949e0:   00000007830d0a30 0000000115c593d9
0x00007000095949f0:   00000007830d0a30 00007000095949f8
0x0000700009594a00:   0000000124251244 0000700009594a50
0x0000700009594a10:   00000001242512d0 0000000000000000
0x0000700009594a20:   000000078002a600 000000010e10cfb3
0x0000700009594a30:   0000700009594ab0 000000010e10cfb3
0x0000700009594a40:   0000000000000064 000000010e10cfb3
0x0000700009594a50:   000000078002a600 0000000000000001
0x0000700009594a60:   00000007830d0a30 0000700009594a58
0x0000700009594a70:   0000000123e41539 0000700009594ad8
0x0000700009594a80:   0000000123e418a8 0000000000000000
0x0000700009594a90:   00000007830d0a50 0000000123e41678
0x0000700009594aa0:   0000700009594a50 0000700009594ad8
0x0000700009594ab0:   0000700009594b28 000000010e10cff8
0x0000700009594ac0:   0000000000000000 0000000000000000
0x0000700009594ad0:   0000000000000000 00000007830d0a30 

Instructions: (pc=0x000000012631a86d)
0x000000012631a76d:   59 05 00 ff 15 d2 8d 04 00 c7 43 40 00 00 00 00
0x000000012631a77d:   31 db 4d 85 ff 74 08 4c 89 ff e8 b8 db 02 00 84
0x000000012631a78d:   db 75 0b 48 83 c4 08 5b 41 5e 41 5f 5d c3 e8 f0
0x000000012631a79d:   dd 02 00 0f 0b 49 89 c6 eb 4c 48 89 c3 83 fa 02
0x000000012631a7ad:   75 31 48 89 df e8 c7 dd 02 00 48 8b 3d 7a 63 05
0x000000012631a7bd:   00 48 8b 35 5b 48 05 00 4c 89 f2 48 89 c1 ff 15
0x000000012631a7cd:   77 8d 04 00 e8 ae dd 02 00 eb a5 48 89 c3 e8 a4
0x000000012631a7dd:   dd 02 00 48 89 df e8 96 dd 02 00 b3 01 eb 93 49
0x000000012631a7ed:   89 c6 84 db 74 05 e8 8c dd 02 00 4c 89 f7 e8 94
0x000000012631a7fd:   dc 02 00 0f 0b e8 cb dd 02 00 55 48 89 e5 53 50
0x000000012631a80d:   48 85 ff 74 0f 48 8b 47 38 48 85 c0 74 0f 48 8b
0x000000012631a81d:   58 20 eb 23 48 8d 15 a2 fb 03 00 eb 07 48 8d 15
0x000000012631a82d:   c1 fb 03 00 31 db bf 01 00 00 00 be 01 00 00 00
0x000000012631a83d:   31 c0 e8 6a da 02 00 48 89 d8 48 83 c4 08 5b 5d
0x000000012631a84d:   c3 55 48 89 e5 41 57 41 56 41 55 41 54 53 50 49
0x000000012631a85d:   89 ff 48 85 f6 74 57 4c 8b 6e 10 4d 85 ed 74 57
0x000000012631a86d:   49 8b 5d 00 31 c0 e8 c6 da 02 00 49 89 c6 48 8b
0x000000012631a87d:   3b 48 8b 35 43 59 05 00 ff 15 bd 8c 04 00 48 85
0x000000012631a88d:   c0 74 51 48 8b 3d c9 64 05 00 48 8b 35 32 59 05
0x000000012631a89d:   00 ff 15 a4 8c 04 00 48 8b 3b 48 39 f8 74 59 48
0x000000012631a8ad:   8b 35 85 58 05 00 ff 15 8f 8c 04 00 eb 4a 48 8d
0x000000012631a8bd:   15 5c fb 03 00 eb 07 48 8d 15 84 fb 03 00 45 31
0x000000012631a8cd:   ed bf 01 00 00 00 be 01 00 00 00 31 c0 e8 cf d9
0x000000012631a8dd:   02 00 eb 6f 31 c0 e8 ec 4a 02 00 48 85 c0 74 09
0x000000012631a8ed:   48 8d 05 14 dc 05 00 ff 10 4c 89 ff 4c 89 ee e8
0x000000012631a8fd:   db 00 00 00 84 c0 74 25 41 f6 45 08 0c 74 17 48
0x000000012631a90d:   8d 05 ed da 05 00 45 31 e4 bf 40 8d 00 00 31 f6
0x000000012631a91d:   ff 10 31 db eb 0c 45 31 e4 31 db eb 05 b3 01 45
0x000000012631a92d:   31 e4 4d 85 f6 74 08 4c 89 f7 e8 08 da 02 00 45
0x000000012631a93d:   84 e4 75 21 80 cb 02 80 e3 03 b0 02 38 c3 74 03
0x000000012631a94d:   45 31 ed 4c 89 e8 48 83 c4 08 5b 41 5c 41 5d 41
0x000000012631a95d:   5e 41 5f 5d c3 e8 29 dc 02 00 0f 0b 48 89 c3 eb 


Stack slot to memory mapping:
stack at sp + 0 slots: 0x00007ff87ec45310 points into unknown readable memory: 40 39 c5 7e f8 7f 00 00
stack at sp + 1 slots: 0x00007ff87ef5a4d0 points into unknown readable memory: 00 00 00 00 00 00 00 80
stack at sp + 2 slots: 0x00007ff881093810 points into unknown readable memory: 5a 00 00 00 49 00 00 00
stack at sp + 3 slots: 0x00007ff881093820 points into unknown readable memory: 00 00 80 3f 01 00 00 00
stack at sp + 4 slots: 0x000000012633f0dc: Java_sun_java2d_opengl_OGLRenderQueue_flushBuffer+0xbb8 in /Library/Java/JavaVirtualMachines/jdk-13.jdk/Contents/Home/lib/libawt_lwawt.dylib at 0x00000001262ff000
stack at sp + 5 slots: 0x00007ff88109bb10 points into unknown readable memory: e0 1d 35 04 01 00 00 00
stack at sp + 6 slots: 0x0000700009594970 is pointing into the stack for thread: 0x00007ff88109b800
stack at sp + 7 slots: 0x000000012633ee6d: Java_sun_java2d_opengl_OGLRenderQueue_flushBuffer+0x949 in /Library/Java/JavaVirtualMachines/jdk-13.jdk/Contents/Home/lib/libawt_lwawt.dylib at 0x00000001262ff000


---------------  P R O C E S S  ---------------

Threads class SMR info:
_java_thread_list=0x00007ff87ece5610, length=17, elements={
0x00007ff88181b800, 0x00007ff881809800, 0x00007ff8820b0000, 0x00007ff88080d000,
0x00007ff88080d800, 0x00007ff8820b3000, 0x00007ff881022800, 0x00007ff8820b1000,
0x00007ff88209c800, 0x00007ff881059800, 0x00007ff88106c000, 0x00007ff88109b800,
0x00007ff882285000, 0x00007ff882285800, 0x00007ff882844000, 0x00007ff87f810800,
0x00007ff883068000
}

Java Threads: ( => current thread )
  0x00007ff88181b800 JavaThread "Reference Handler" daemon [_thread_blocked, id=17667, stack(0x0000700008c7a000,0x0000700008d7a000)]
  0x00007ff881809800 JavaThread "Finalizer" daemon [_thread_blocked, id=14339, stack(0x0000700008d7d000,0x0000700008e7d000)]
  0x00007ff8820b0000 JavaThread "Signal Dispatcher" daemon [_thread_blocked, id=21763, stack(0x0000700008f86000,0x0000700009086000)]
  0x00007ff88080d000 JavaThread "C2 CompilerThread0" daemon [_thread_blocked, id=22275, stack(0x0000700009089000,0x0000700009189000)]
  0x00007ff88080d800 JavaThread "C1 CompilerThread0" daemon [_thread_blocked, id=42755, stack(0x000070000918c000,0x000070000928c000)]
  0x00007ff8820b3000 JavaThread "Sweeper thread" daemon [_thread_blocked, id=23043, stack(0x000070000928f000,0x000070000938f000)]
  0x00007ff881022800 JavaThread "Common-Cleaner" daemon [_thread_blocked, id=23555, stack(0x0000700009392000,0x0000700009492000)]
  0x00007ff8820b1000 JavaThread "Monitor Ctrl-Break" daemon [_thread_in_native, id=41475, stack(0x0000700009598000,0x0000700009698000)]
  0x00007ff88209c800 JavaThread "Service Thread" daemon [_thread_blocked, id=24835, stack(0x000070000969b000,0x000070000979b000)]
  0x00007ff881059800 JavaThread "AppKit Thread" daemon [_thread_in_native, id=775, stack(0x00007ffeecbdb000,0x00007ffeed3db000)]
  0x00007ff88106c000 JavaThread "AWT-Shutdown" [_thread_blocked, id=34307, stack(0x00007000098a1000,0x00007000099a1000)]
=>0x00007ff88109b800 JavaThread "Java2D Queue Flusher" daemon [_thread_in_native, id=73731, stack(0x0000700009495000,0x0000700009595000)]
  0x00007ff882285000 JavaThread "Java2D Disposer" daemon [_thread_blocked, id=58115, stack(0x0000700009cb6000,0x0000700009db6000)]
  0x00007ff882285800 JavaThread "AWT-EventQueue-0" [_thread_blocked, id=70151, stack(0x0000700009db9000,0x0000700009eb9000)]
  0x00007ff882844000 JavaThread "DestroyJavaVM" [_thread_blocked, id=5635, stack(0x0000700008565000,0x0000700008665000)]
  0x00007ff87f810800 JavaThread "Attach Listener" daemon [_thread_blocked, id=63015, stack(0x0000700009ebc000,0x0000700009fbc000)]
  0x00007ff883068000 JavaThread "TimerQueue" daemon [_thread_blocked, id=88367, stack(0x0000700009fbf000,0x000070000a0bf000)]

Other Threads:
  0x00007ff881002000 VMThread "VM Thread" [stack: 0x0000700008b77000,0x0000700008c77000] [id=18179]
  0x00007ff88181f800 WatcherThread [stack: 0x000070000979e000,0x000070000989e000] [id=40707]
  0x00007ff882024800 GCTaskThread "GC Thread#0" [stack: 0x0000700008668000,0x0000700008768000] [id=21251]
  0x00007ff88283b800 GCTaskThread "GC Thread#1" [stack: 0x000070000a145000,0x000070000a245000] [id=15631]
  0x00007ff87f809800 GCTaskThread "GC Thread#2" [stack: 0x000070000a248000,0x000070000a348000] [id=86555]
  0x00007ff881363000 GCTaskThread "GC Thread#3" [stack: 0x000070000a34b000,0x000070000a44b000] [id=88599]
  0x00007ff87f155000 GCTaskThread "GC Thread#4" [stack: 0x000070000a44e000,0x000070000a54e000] [id=129907]
  0x00007ff8830d5000 GCTaskThread "GC Thread#5" [stack: 0x000070000a551000,0x000070000a651000] [id=61739]
  0x00007ff882036000 ConcurrentGCThread "G1 Main Marker" [stack: 0x000070000876b000,0x000070000886b000] [id=12291]
  0x00007ff882036800 ConcurrentGCThread "G1 Conc#0" [stack: 0x000070000886e000,0x000070000896e000] [id=12547]
  0x00007ff883193800 ConcurrentGCThread "G1 Conc#1" [stack: 0x000070000a654000,0x000070000a754000] [id=129283]
  0x00007ff882097800 ConcurrentGCThread "G1 Refine#0" [stack: 0x0000700008971000,0x0000700008a71000] [id=19971]
  0x00007ff882098000 ConcurrentGCThread "G1 Young RemSet Sampling" [stack: 0x0000700008a74000,0x0000700008b74000] [id=19459]

Threads with active compile tasks:

VM state:not at safepoint (normal execution)

VM Mutex/Monitor currently owned by a thread: None

Heap address: 0x0000000780000000, size: 2048 MB, Compressed Oops mode: Zero based, Oop shift amount: 3
Narrow klass base: 0x0000000800000000, Narrow klass shift: 3
Compressed class space size: 1073741824 Address: 0x0000000800ae9000

Heap:
 garbage-first heap   total 114688K, used 32458K [0x0000000780000000, 0x0000000800000000)
  region size 1024K, 4 young (4096K), 2 survivors (2048K)
 Metaspace       used 11368K, capacity 11699K, committed 12160K, reserved 1060864K
  class space    used 1182K, capacity 1324K, committed 1408K, reserved 1048576K
Heap Regions: E=young(eden), S=young(survivor), O=old, HS=humongous(starts), HC=humongous(continues), CS=collection set, F=free, A=archive, TAMS=top-at-mark-start (previous, next)
|   0|0x0000000780000000, 0x0000000780100000, 0x0000000780100000|100%| O|  |TAMS 0x0000000780100000, 0x0000000780000000| Untracked 
|   1|0x0000000780100000, 0x0000000780200000, 0x0000000780200000|100%|HS|  |TAMS 0x0000000780200000, 0x0000000780100000| Complete 
|   2|0x0000000780200000, 0x0000000780300000, 0x0000000780300000|100%| O|  |TAMS 0x0000000780300000, 0x0000000780200000| Untracked 
|   3|0x0000000780300000, 0x0000000780308a00, 0x0000000780400000|  3%| O|  |TAMS 0x0000000780308a00, 0x0000000780300000| Untracked 
|   4|0x0000000780400000, 0x0000000780500000, 0x0000000780500000|100%| O|  |TAMS 0x0000000780500000, 0x0000000780400000| Untracked 
|   5|0x0000000780500000, 0x0000000780595200, 0x0000000780600000| 58%| O|  |TAMS 0x0000000780595200, 0x0000000780500000| Untracked 
|   6|0x0000000780600000, 0x0000000780600000, 0x0000000780700000|  0%| F|  |TAMS 0x0000000780600000, 0x0000000780600000| Untracked 
|   7|0x0000000780700000, 0x0000000780700000, 0x0000000780800000|  0%| F|  |TAMS 0x0000000780700000, 0x0000000780700000| Untracked 
|   8|0x0000000780800000, 0x0000000780800000, 0x0000000780900000|  0%| F|  |TAMS 0x0000000780800000, 0x0000000780800000| Untracked 
|   9|0x0000000780900000, 0x0000000780900000, 0x0000000780a00000|  0%| F|  |TAMS 0x0000000780900000, 0x0000000780900000| Untracked 
|  10|0x0000000780a00000, 0x0000000780a00000, 0x0000000780b00000|  0%| F|  |TAMS 0x0000000780a00000, 0x0000000780a00000| Untracked 
|  11|0x0000000780b00000, 0x0000000780b00000, 0x0000000780c00000|  0%| F|  |TAMS 0x0000000780b00000, 0x0000000780b00000| Untracked 
|  12|0x0000000780c00000, 0x0000000780c00000, 0x0000000780d00000|  0%| F|  |TAMS 0x0000000780c00000, 0x0000000780c00000| Untracked 
|  13|0x0000000780d00000, 0x0000000780d00000, 0x0000000780e00000|  0%| F|  |TAMS 0x0000000780d00000, 0x0000000780d00000| Untracked 
|  14|0x0000000780e00000, 0x0000000780e00000, 0x0000000780f00000|  0%| F|  |TAMS 0x0000000780e00000, 0x0000000780e00000| Untracked 
|  15|0x0000000780f00000, 0x0000000780f00000, 0x0000000781000000|  0%| F|  |TAMS 0x0000000780f00000, 0x0000000780f00000| Untracked 
|  16|0x0000000781000000, 0x0000000781000000, 0x0000000781100000|  0%| F|  |TAMS 0x0000000781000000, 0x0000000781000000| Untracked 
|  17|0x0000000781100000, 0x0000000781100000, 0x0000000781200000|  0%| F|  |TAMS 0x0000000781100000, 0x0000000781100000| Untracked 
|  18|0x0000000781200000, 0x0000000781200000, 0x0000000781300000|  0%| F|  |TAMS 0x0000000781200000, 0x0000000781200000| Untracked 
|  19|0x0000000781300000, 0x0000000781400000, 0x0000000781400000|100%|HS|  |TAMS 0x0000000781400000, 0x0000000781300000| Complete 
|  20|0x0000000781400000, 0x0000000781500000, 0x0000000781500000|100%|HC|  |TAMS 0x0000000781500000, 0x0000000781400000| Complete 
|  21|0x0000000781500000, 0x0000000781600000, 0x0000000781600000|100%|HC|  |TAMS 0x0000000781600000, 0x0000000781500000| Complete 
|  22|0x0000000781600000, 0x0000000781700000, 0x0000000781700000|100%|HC|  |TAMS 0x0000000781700000, 0x0000000781600000| Complete 
|  23|0x0000000781700000, 0x0000000781800000, 0x0000000781800000|100%|HS|  |TAMS 0x0000000781800000, 0x0000000781700000| Complete 
|  24|0x0000000781800000, 0x0000000781900000, 0x0000000781900000|100%|HC|  |TAMS 0x0000000781900000, 0x0000000781800000| Complete 
|  25|0x0000000781900000, 0x0000000781a00000, 0x0000000781a00000|100%|HC|  |TAMS 0x0000000781a00000, 0x0000000781900000| Complete 
|  26|0x0000000781a00000, 0x0000000781b00000, 0x0000000781b00000|100%|HC|  |TAMS 0x0000000781b00000, 0x0000000781a00000| Complete 
|  27|0x0000000781b00000, 0x0000000781b00000, 0x0000000781c00000|  0%| F|  |TAMS 0x0000000781b00000, 0x0000000781b00000| Untracked 
|  28|0x0000000781c00000, 0x0000000781c00000, 0x0000000781d00000|  0%| F|  |TAMS 0x0000000781c00000, 0x0000000781c00000| Untracked 
|  29|0x0000000781d00000, 0x0000000781d00000, 0x0000000781e00000|  0%| F|  |TAMS 0x0000000781d00000, 0x0000000781d00000| Untracked 
|  30|0x0000000781e00000, 0x0000000781e00000, 0x0000000781f00000|  0%| F|  |TAMS 0x0000000781e00000, 0x0000000781e00000| Untracked 
|  31|0x0000000781f00000, 0x0000000781f00000, 0x0000000782000000|  0%| F|  |TAMS 0x0000000781f00000, 0x0000000781f00000| Untracked 
|  32|0x0000000782000000, 0x0000000782000000, 0x0000000782100000|  0%| F|  |TAMS 0x0000000782000000, 0x0000000782000000| Untracked 
|  33|0x0000000782100000, 0x0000000782100000, 0x0000000782200000|  0%| F|  |TAMS 0x0000000782100000, 0x0000000782100000| Untracked 
|  34|0x0000000782200000, 0x0000000782200000, 0x0000000782300000|  0%| F|  |TAMS 0x0000000782200000, 0x0000000782200000| Untracked 
|  35|0x0000000782300000, 0x0000000782300000, 0x0000000782400000|  0%| F|  |TAMS 0x0000000782300000, 0x0000000782300000| Untracked 
|  36|0x0000000782400000, 0x0000000782400000, 0x0000000782500000|  0%| F|  |TAMS 0x0000000782400000, 0x0000000782400000| Untracked 
|  37|0x0000000782500000, 0x0000000782500000, 0x0000000782600000|  0%| F|  |TAMS 0x0000000782500000, 0x0000000782500000| Untracked 
|  38|0x0000000782600000, 0x0000000782600000, 0x0000000782700000|  0%| F|  |TAMS 0x0000000782600000, 0x0000000782600000| Untracked 
|  39|0x0000000782700000, 0x0000000782700000, 0x0000000782800000|  0%| F|  |TAMS 0x0000000782700000, 0x0000000782700000| Untracked 
|  40|0x0000000782800000, 0x0000000782800000, 0x0000000782900000|  0%| F|  |TAMS 0x0000000782800000, 0x0000000782800000| Untracked 
|  41|0x0000000782900000, 0x0000000782900000, 0x0000000782a00000|  0%| F|  |TAMS 0x0000000782900000, 0x0000000782900000| Untracked 
|  42|0x0000000782a00000, 0x0000000782a00000, 0x0000000782b00000|  0%| F|  |TAMS 0x0000000782a00000, 0x0000000782a00000| Untracked 
|  43|0x0000000782b00000, 0x0000000782b00000, 0x0000000782c00000|  0%| F|  |TAMS 0x0000000782b00000, 0x0000000782b00000| Untracked 
|  44|0x0000000782c00000, 0x0000000782d00000, 0x0000000782d00000|100%|HS|  |TAMS 0x0000000782d00000, 0x0000000782c00000| Complete 
|  45|0x0000000782d00000, 0x0000000782e00000, 0x0000000782e00000|100%|HS|  |TAMS 0x0000000782e00000, 0x0000000782d00000| Complete 
|  46|0x0000000782e00000, 0x0000000782f00000, 0x0000000782f00000|100%| O|  |TAMS 0x0000000782f00000, 0x0000000782e00000| Untracked 
|  47|0x0000000782f00000, 0x0000000783000000, 0x0000000783000000|100%| O|  |TAMS 0x0000000783000000, 0x0000000782f00000| Untracked 
|  48|0x0000000783000000, 0x0000000783100000, 0x0000000783100000|100%| O|  |TAMS 0x0000000783100000, 0x0000000783000000| Untracked 
|  49|0x0000000783100000, 0x0000000783200000, 0x0000000783200000|100%|HS|  |TAMS 0x0000000783200000, 0x0000000783100000| Complete 
|  50|0x0000000783200000, 0x0000000783300000, 0x0000000783300000|100%|HC|  |TAMS 0x0000000783300000, 0x0000000783200000| Complete 
|  51|0x0000000783300000, 0x0000000783400000, 0x0000000783400000|100%|HC|  |TAMS 0x0000000783400000, 0x0000000783300000| Complete 
|  52|0x0000000783400000, 0x0000000783500000, 0x0000000783500000|100%|HC|  |TAMS 0x0000000783500000, 0x0000000783400000| Complete 
|  53|0x0000000783500000, 0x0000000783600000, 0x0000000783600000|100%|HS|  |TAMS 0x0000000783600000, 0x0000000783500000| Complete 
|  54|0x0000000783600000, 0x0000000783700000, 0x0000000783700000|100%|HC|  |TAMS 0x0000000783700000, 0x0000000783600000| Complete 
|  55|0x0000000783700000, 0x0000000783800000, 0x0000000783800000|100%|HC|  |TAMS 0x0000000783800000, 0x0000000783700000| Complete 
|  56|0x0000000783800000, 0x0000000783900000, 0x0000000783900000|100%|HC|  |TAMS 0x0000000783900000, 0x0000000783800000| Complete 
|  57|0x0000000783900000, 0x0000000783a00000, 0x0000000783a00000|100%|HS|  |TAMS 0x0000000783900000, 0x0000000783900000| Complete 
|  58|0x0000000783a00000, 0x0000000783b00000, 0x0000000783b00000|100%|HC|  |TAMS 0x0000000783a00000, 0x0000000783a00000| Complete 
|  59|0x0000000783b00000, 0x0000000783c00000, 0x0000000783c00000|100%|HC|  |TAMS 0x0000000783b00000, 0x0000000783b00000| Complete 
|  60|0x0000000783c00000, 0x0000000783d00000, 0x0000000783d00000|100%|HC|  |TAMS 0x0000000783c00000, 0x0000000783c00000| Complete 
|  61|0x0000000783d00000, 0x0000000783d00000, 0x0000000783e00000|  0%| F|  |TAMS 0x0000000783d00000, 0x0000000783d00000| Untracked 
|  62|0x0000000783e00000, 0x0000000783e00000, 0x0000000783f00000|  0%| F|  |TAMS 0x0000000783e00000, 0x0000000783e00000| Untracked 
|  63|0x0000000783f00000, 0x0000000783f00000, 0x0000000784000000|  0%| F|  |TAMS 0x0000000783f00000, 0x0000000783f00000| Untracked 
|  64|0x0000000784000000, 0x0000000784000000, 0x0000000784100000|  0%| F|  |TAMS 0x0000000784000000, 0x0000000784000000| Untracked 
|  65|0x0000000784100000, 0x0000000784100000, 0x0000000784200000|  0%| F|  |TAMS 0x0000000784100000, 0x0000000784100000| Untracked 
|  66|0x0000000784200000, 0x0000000784200000, 0x0000000784300000|  0%| F|  |TAMS 0x0000000784200000, 0x0000000784200000| Untracked 
|  67|0x0000000784300000, 0x0000000784300000, 0x0000000784400000|  0%| F|  |TAMS 0x0000000784300000, 0x0000000784300000| Untracked 
|  68|0x0000000784400000, 0x0000000784400000, 0x0000000784500000|  0%| F|  |TAMS 0x0000000784400000, 0x0000000784400000| Untracked 
|  69|0x0000000784500000, 0x0000000784500000, 0x0000000784600000|  0%| F|  |TAMS 0x0000000784500000, 0x0000000784500000| Untracked 
|  70|0x0000000784600000, 0x0000000784600000, 0x0000000784700000|  0%| F|  |TAMS 0x0000000784600000, 0x0000000784600000| Untracked 
|  71|0x0000000784700000, 0x0000000784700000, 0x0000000784800000|  0%| F|  |TAMS 0x0000000784700000, 0x0000000784700000| Untracked 
|  72|0x0000000784800000, 0x0000000784800000, 0x0000000784900000|  0%| F|  |TAMS 0x0000000784800000, 0x0000000784800000| Untracked 
|  73|0x0000000784900000, 0x0000000784900000, 0x0000000784a00000|  0%| F|  |TAMS 0x0000000784900000, 0x0000000784900000| Untracked 
|  74|0x0000000784a00000, 0x0000000784a00000, 0x0000000784b00000|  0%| F|  |TAMS 0x0000000784a00000, 0x0000000784a00000| Untracked 
|  75|0x0000000784b00000, 0x0000000784b00000, 0x0000000784c00000|  0%| F|  |TAMS 0x0000000784b00000, 0x0000000784b00000| Untracked 
|  76|0x0000000784c00000, 0x0000000784c00000, 0x0000000784d00000|  0%| F|  |TAMS 0x0000000784c00000, 0x0000000784c00000| Untracked 
|  77|0x0000000784d00000, 0x0000000784d00000, 0x0000000784e00000|  0%| F|  |TAMS 0x0000000784d00000, 0x0000000784d00000| Untracked 
|  78|0x0000000784e00000, 0x0000000784e00000, 0x0000000784f00000|  0%| F|  |TAMS 0x0000000784e00000, 0x0000000784e00000| Untracked 
|  79|0x0000000784f00000, 0x0000000784f00000, 0x0000000785000000|  0%| F|  |TAMS 0x0000000784f00000, 0x0000000784f00000| Untracked 
|  80|0x0000000785000000, 0x0000000785000000, 0x0000000785100000|  0%| F|  |TAMS 0x0000000785000000, 0x0000000785000000| Untracked 
|  81|0x0000000785100000, 0x0000000785100000, 0x0000000785200000|  0%| F|  |TAMS 0x0000000785100000, 0x0000000785100000| Untracked 
|  82|0x0000000785200000, 0x0000000785200000, 0x0000000785300000|  0%| F|  |TAMS 0x0000000785200000, 0x0000000785200000| Untracked 
|  83|0x0000000785300000, 0x0000000785300000, 0x0000000785400000|  0%| F|  |TAMS 0x0000000785300000, 0x0000000785300000| Untracked 
|  84|0x0000000785400000, 0x0000000785400000, 0x0000000785500000|  0%| F|  |TAMS 0x0000000785400000, 0x0000000785400000| Untracked 
|  85|0x0000000785500000, 0x0000000785500000, 0x0000000785600000|  0%| F|  |TAMS 0x0000000785500000, 0x0000000785500000| Untracked 
|  86|0x0000000785600000, 0x0000000785600000, 0x0000000785700000|  0%| F|  |TAMS 0x0000000785600000, 0x0000000785600000| Untracked 
|  87|0x0000000785700000, 0x0000000785700000, 0x0000000785800000|  0%| F|  |TAMS 0x0000000785700000, 0x0000000785700000| Untracked 
|  88|0x0000000785800000, 0x0000000785800000, 0x0000000785900000|  0%| F|  |TAMS 0x0000000785800000, 0x0000000785800000| Untracked 
|  89|0x0000000785900000, 0x0000000785900000, 0x0000000785a00000|  0%| F|  |TAMS 0x0000000785900000, 0x0000000785900000| Untracked 
|  90|0x0000000785a00000, 0x0000000785a00000, 0x0000000785b00000|  0%| F|  |TAMS 0x0000000785a00000, 0x0000000785a00000| Untracked 
|  91|0x0000000785b00000, 0x0000000785b00000, 0x0000000785c00000|  0%| F|  |TAMS 0x0000000785b00000, 0x0000000785b00000| Untracked 
|  92|0x0000000785c00000, 0x0000000785c00000, 0x0000000785d00000|  0%| F|  |TAMS 0x0000000785c00000, 0x0000000785c00000| Untracked 
|  93|0x0000000785d00000, 0x0000000785d00000, 0x0000000785e00000|  0%| F|  |TAMS 0x0000000785d00000, 0x0000000785d00000| Untracked 
|  94|0x0000000785e00000, 0x0000000785e00000, 0x0000000785f00000|  0%| F|  |TAMS 0x0000000785e00000, 0x0000000785e00000| Untracked 
|  95|0x0000000785f00000, 0x0000000785f00000, 0x0000000786000000|  0%| F|  |TAMS 0x0000000785f00000, 0x0000000785f00000| Untracked 
|  96|0x0000000786000000, 0x0000000786000000, 0x0000000786100000|  0%| F|  |TAMS 0x0000000786000000, 0x0000000786000000| Untracked 
|  97|0x0000000786100000, 0x0000000786100000, 0x0000000786200000|  0%| F|  |TAMS 0x0000000786100000, 0x0000000786100000| Untracked 
|  98|0x0000000786200000, 0x0000000786200000, 0x0000000786300000|  0%| F|  |TAMS 0x0000000786200000, 0x0000000786200000| Untracked 
|  99|0x0000000786300000, 0x0000000786300000, 0x0000000786400000|  0%| F|  |TAMS 0x0000000786300000, 0x0000000786300000| Untracked 
| 100|0x0000000786400000, 0x0000000786400000, 0x0000000786500000|  0%| F|  |TAMS 0x0000000786400000, 0x0000000786400000| Untracked 
| 101|0x0000000786500000, 0x0000000786500000, 0x0000000786600000|  0%| F|  |TAMS 0x0000000786500000, 0x0000000786500000| Untracked 
| 102|0x0000000786600000, 0x0000000786600000, 0x0000000786700000|  0%| F|  |TAMS 0x0000000786600000, 0x0000000786600000| Untracked 
| 103|0x0000000786700000, 0x0000000786700000, 0x0000000786800000|  0%| F|  |TAMS 0x0000000786700000, 0x0000000786700000| Untracked 
| 104|0x0000000786800000, 0x0000000786800000, 0x0000000786900000|  0%| F|  |TAMS 0x0000000786800000, 0x0000000786800000| Untracked 
| 105|0x0000000786900000, 0x0000000786900000, 0x0000000786a00000|  0%| F|  |TAMS 0x0000000786900000, 0x0000000786900000| Untracked 
| 106|0x0000000786a00000, 0x0000000786a37e10, 0x0000000786b00000| 21%| E|  |TAMS 0x0000000786a00000, 0x0000000786a00000| Complete 
| 107|0x0000000786b00000, 0x0000000786b55f10, 0x0000000786c00000| 33%| S|CS|TAMS 0x0000000786b00000, 0x0000000786b00000| Complete 
| 108|0x0000000786c00000, 0x0000000786d00000, 0x0000000786d00000|100%| S|CS|TAMS 0x0000000786c00000, 0x0000000786c00000| Complete 
| 127|0x0000000787f00000, 0x0000000787fee838, 0x0000000788000000| 93%| E|  |TAMS 0x0000000787f00000, 0x0000000787f00000| Complete 
|1022|0x00000007bfe00000, 0x00000007bfe48000, 0x00000007bff00000| 28%|OA|  |TAMS 0x00000007bfe48000, 0x00000007bfe00000| Untracked 
|1023|0x00000007bff00000, 0x00000007bff77000, 0x00000007c0000000| 46%|CA|  |TAMS 0x00000007bff77000, 0x00000007bff00000| Untracked 

Card table byte_map: [0x000000010da99000,0x000000010de99000] _byte_map_base: 0x0000000109e99000

Marking Bits (Prev, Next): (CMBitMap*) 0x00007ff882025418, (CMBitMap*) 0x00007ff882025458
 Prev Bits: [0x000000011d503000, 0x000000011f503000)
 Next Bits: [0x000000011f503000, 0x0000000121503000)

Polling page: 0x0000000102899000

Metaspace:

Usage:
  Non-class:     10.13 MB capacity,     9.95 MB ( 98%) used,   163.67 KB (  2%) free+waste,    24.44 KB ( <1%) overhead. 
      Class:      1.29 MB capacity,     1.15 MB ( 89%) used,   127.84 KB ( 10%) free+waste,    14.12 KB (  1%) overhead. 
       Both:     11.42 MB capacity,    11.10 MB ( 97%) used,   291.52 KB (  2%) free+waste,    38.56 KB ( <1%) overhead. 

Virtual space:
  Non-class space:       12.00 MB reserved,      10.50 MB ( 88%) committed 
      Class space:        1.00 GB reserved,       1.38 MB ( <1%) committed 
             Both:        1.01 GB reserved,      11.88 MB (  1%) committed 

Chunk freelists:
   Non-Class:  165.00 KB
       Class:  48.00 KB
        Both:  213.00 KB

MaxMetaspaceSize: unlimited
CompressedClassSpaceSize: 1.00 GB

CodeHeap 'non-profiled nmethods': size=120032Kb used=1286Kb max_used=1286Kb free=118745Kb
 bounds [0x0000000115bcb000, 0x0000000115e3b000, 0x000000011d103000]
CodeHeap 'profiled nmethods': size=120028Kb used=5396Kb max_used=5396Kb free=114631Kb
 bounds [0x000000010e694000, 0x000000010ebe4000, 0x0000000115bcb000]
CodeHeap 'non-nmethods': size=5700Kb used=1356Kb max_used=1392Kb free=4343Kb
 bounds [0x000000010e103000, 0x000000010e373000, 0x000000010e694000]
 total_blobs=3928 nmethods=2572 adapters=564
 compilation: enabled
              stopped_count=0, restarted_count=0
 full_count=0

Compilation events (20 events):
Event: 2155.081 Thread 0x00007ff88080d800 2568       3       java.lang.String::checkIndex (48 bytes)
Event: 2155.082 Thread 0x00007ff88080d800 nmethod 2568 0x000000010ebd2a10 code [0x000000010ebd2c80, 0x000000010ebd3698]
Event: 2155.083 Thread 0x00007ff88080d000 2569       4       sun.java2d.loops.GraphicsPrimitiveMgr::locate (104 bytes)
Event: 2155.086 Thread 0x00007ff88080d000 nmethod 2569 0x0000000115d0b010 code [0x0000000115d0b1c0, 0x0000000115d0b4e8]
Event: 2155.098 Thread 0x00007ff88080d800 2570       1       java.awt.color.ColorSpace::getNumComponents (5 bytes)
Event: 2155.100 Thread 0x00007ff88080d800 nmethod 2570 0x0000000115d0b810 code [0x0000000115d0b9a0, 0x0000000115d0bad0]
Event: 2155.100 Thread 0x00007ff88080d800 2571       3       sun.java2d.opengl.OGLContext::setScratchSurface (34 bytes)
Event: 2155.101 Thread 0x00007ff88080d800 nmethod 2571 0x000000010ebd3a10 code [0x000000010ebd3dc0, 0x000000010ebd5b28]
Event: 2155.102 Thread 0x00007ff88080d800 2572       3       sun.java2d.SurfaceData::canRenderParallelograms (137 bytes)
Event: 2155.102 Thread 0x00007ff88080d000 2573       4       java.util.concurrent.locks.ReentrantReadWriteLock$Sync::tryAcquireShared (177 bytes)
Event: 2155.102 Thread 0x00007ff88080d800 nmethod 2572 0x000000010ebd6710 code [0x000000010ebd6920, 0x000000010ebd7198]
Event: 2155.105 Thread 0x00007ff88080d000 nmethod 2573 0x0000000115d0bb10 code [0x0000000115d0bca0, 0x0000000115d0bf98]
Event: 2155.120 Thread 0x00007ff88080d800 2574       3       sun.java2d.loops.GraphicsPrimitive::getPrimTypeID (8 bytes)
Event: 2155.120 Thread 0x00007ff88080d800 nmethod 2574 0x000000010ebd7310 code [0x000000010ebd74a0, 0x000000010ebd7610]
Event: 2155.120 Thread 0x00007ff88080d800 2575  s    3       sun.font.CStrike$GlyphInfoCache::put (96 bytes)
Event: 2155.121 Thread 0x00007ff88080d800 nmethod 2575 0x000000010ebd7690 code [0x000000010ebd7900, 0x000000010ebd8788]
Event: 2155.122 Thread 0x00007ff88080d800 2576       3       java.lang.Long::valueOf (40 bytes)
Event: 2155.122 Thread 0x00007ff88080d800 nmethod 2576 0x000000010ebd8b90 code [0x000000010ebd8d40, 0x000000010ebd90d0]
Event: 2155.161 Thread 0x00007ff88080d000 2577  s    4       sun.java2d.loops.RenderCache::get (100 bytes)
Event: 2155.172 Thread 0x00007ff88080d000 nmethod 2577 0x0000000115d0c110 code [0x0000000115d0c2a0, 0x0000000115d0c878]

GC Heap History (14 events):
Event: 438.993 GC heap before
{Heap before GC invocations=0 (full 0):
 garbage-first heap   total 133120K, used 62204K [0x0000000780000000, 0x0000000800000000)
  region size 1024K, 16 young (16384K), 0 survivors (0K)
 Metaspace       used 10567K, capacity 10918K, committed 11136K, reserved 1058816K
  class space    used 1133K, capacity 1282K, committed 1408K, reserved 1048576K
}
Event: 439.032 GC heap after
{Heap after GC invocations=1 (full 0):
 garbage-first heap   total 133120K, used 53725K [0x0000000780000000, 0x0000000800000000)
  region size 1024K, 3 young (3072K), 3 survivors (3072K)
 Metaspace       used 10567K, capacity 10918K, committed 11136K, reserved 1058816K
  class space    used 1133K, capacity 1282K, committed 1408K, reserved 1048576K
}
Event: 868.690 GC heap before
{Heap before GC invocations=2 (full 0):
 garbage-first heap   total 133120K, used 47581K [0x0000000780000000, 0x0000000800000000)
  region size 1024K, 9 young (9216K), 3 survivors (3072K)
 Metaspace       used 11219K, capacity 11566K, committed 11904K, reserved 1060864K
  class space    used 1189K, capacity 1348K, committed 1408K, reserved 1048576K
}
Event: 868.705 GC heap after
{Heap after GC invocations=3 (full 0):
 garbage-first heap   total 133120K, used 42110K [0x0000000780000000, 0x0000000800000000)
  region size 1024K, 1 young (1024K), 1 survivors (1024K)
 Metaspace       used 11219K, capacity 11566K, committed 11904K, reserved 1060864K
  class space    used 1189K, capacity 1348K, committed 1408K, reserved 1048576K
}
Event: 1761.360 GC heap before
{Heap before GC invocations=3 (full 0):
 garbage-first heap   total 133120K, used 74878K [0x0000000780000000, 0x0000000800000000)
  region size 1024K, 21 young (21504K), 1 survivors (1024K)
 Metaspace       used 11371K, capacity 11694K, committed 11904K, reserved 1060864K
  class space    used 1190K, capacity 1348K, committed 1408K, reserved 1048576K
}
Event: 1761.366 GC heap after
{Heap after GC invocations=4 (full 0):
 garbage-first heap   total 133120K, used 27507K [0x0000000780000000, 0x0000000800000000)
  region size 1024K, 2 young (2048K), 2 survivors (2048K)
 Metaspace       used 11371K, capacity 11694K, committed 11904K, reserved 1060864K
  class space    used 1190K, capacity 1348K, committed 1408K, reserved 1048576K
}
Event: 1768.467 GC heap before
{Heap before GC invocations=5 (full 0):
 garbage-first heap   total 112640K, used 50035K [0x0000000780000000, 0x0000000800000000)
  region size 1024K, 5 young (5120K), 2 survivors (2048K)
 Metaspace       used 11381K, capacity 11694K, committed 11904K, reserved 1060864K
  class space    used 1190K, capacity 1348K, committed 1408K, reserved 1048576K
}
Event: 1768.470 GC heap after
{Heap after GC invocations=6 (full 0):
 garbage-first heap   total 112640K, used 49144K [0x0000000780000000, 0x0000000800000000)
  region size 1024K, 2 young (2048K), 2 survivors (2048K)
 Metaspace       used 11381K, capacity 11694K, committed 11904K, reserved 1060864K
  class space    used 1190K, capacity 1348K, committed 1408K, reserved 1048576K
}
Event: 2155.063 GC heap before
{Heap before GC invocations=7 (full 0):
 garbage-first heap   total 112640K, used 58360K [0x0000000780000000, 0x0000000800000000)
  region size 1024K, 5 young (5120K), 2 survivors (2048K)
 Metaspace       used 11394K, capacity 11694K, committed 11904K, reserved 1060864K
  class space    used 1192K, capacity 1348K, committed 1408K, reserved 1048576K
}
Event: 2155.065 GC heap after
{Heap after GC invocations=8 (full 0):
 garbage-first heap   total 112640K, used 57348K [0x0000000780000000, 0x0000000800000000)
  region size 1024K, 3 young (3072K), 3 survivors (3072K)
 Metaspace       used 11394K, capacity 11694K, committed 11904K, reserved 1060864K
  class space    used 1192K, capacity 1348K, committed 1408K, reserved 1048576K
}
Event: 2155.098 GC heap before
{Heap before GC invocations=9 (full 0):
 garbage-first heap   total 112640K, used 65540K [0x0000000780000000, 0x0000000800000000)
  region size 1024K, 5 young (5120K), 3 survivors (3072K)
 Metaspace       used 11360K, capacity 11635K, committed 11904K, reserved 1060864K
  class space    used 1180K, capacity 1324K, committed 1408K, reserved 1048576K
}
Event: 2155.100 GC heap after
{Heap after GC invocations=10 (full 0):
 garbage-first heap   total 112640K, used 56158K [0x0000000780000000, 0x0000000800000000)
  region size 1024K, 2 young (2048K), 2 survivors (2048K)
 Metaspace       used 11360K, capacity 11635K, committed 11904K, reserved 1060864K
  class space    used 1180K, capacity 1324K, committed 1408K, reserved 1048576K
}
Event: 2155.112 GC heap before
{Heap before GC invocations=11 (full 0):
 garbage-first heap   total 114688K, used 64350K [0x0000000780000000, 0x0000000800000000)
  region size 1024K, 3 young (3072K), 2 survivors (2048K)
 Metaspace       used 11362K, capacity 11699K, committed 12160K, reserved 1060864K
  class space    used 1180K, capacity 1324K, committed 1408K, reserved 1048576K
}
Event: 2155.113 GC heap after
{Heap after GC invocations=12 (full 0):
 garbage-first heap   total 114688K, used 56010K [0x0000000780000000, 0x0000000800000000)
  region size 1024K, 2 young (2048K), 2 survivors (2048K)
 Metaspace       used 11362K, capacity 11699K, committed 12160K, reserved 1060864K
  class space    used 1180K, capacity 1324K, committed 1408K, reserved 1048576K
}

Deoptimization events (20 events):
Event: 1758.838 Thread 0x00007ff882285800 Uncommon trap: trap_request=0xffffff45 fr.pc=0x0000000115c77684 relative=0x0000000000000264
Event: 1758.838 Thread 0x00007ff882285800 Uncommon trap: reason=unstable_if action=reinterpret pc=0x0000000115c77684 method=java.awt.font.FontRenderContext.equals(Ljava/awt/font/FontRenderContext;)Z @ 53 c2
Event: 1758.838 Thread 0x00007ff882285800 DEOPT PACKING pc=0x0000000115c77684 sp=0x0000700009eb7100
Event: 1758.838 Thread 0x00007ff882285800 DEOPT UNPACKING pc=0x000000010e14be25 sp=0x0000700009eb70c0 mode 2
Event: 2155.114 Thread 0x00007ff882285800 Uncommon trap: trap_request=0xffffffde fr.pc=0x0000000115c99e80 relative=0x00000000000000e0
Event: 2155.114 Thread 0x00007ff882285800 Uncommon trap: reason=class_check action=maybe_recompile pc=0x0000000115c99e80 method=sun.java2d.loops.SurfaceType.pixelFor(ILjava/awt/image/ColorModel;)I @ 6 c2
Event: 2155.114 Thread 0x00007ff882285800 DEOPT PACKING pc=0x0000000115c99e80 sp=0x0000700009eb7940
Event: 2155.114 Thread 0x00007ff882285800 DEOPT UNPACKING pc=0x000000010e14be25 sp=0x0000700009eb7870 mode 2
Event: 2155.114 Thread 0x00007ff882285800 Uncommon trap: trap_request=0xffffffde fr.pc=0x0000000115c99e80 relative=0x00000000000000e0
Event: 2155.114 Thread 0x00007ff882285800 Uncommon trap: reason=class_check action=maybe_recompile pc=0x0000000115c99e80 method=sun.java2d.loops.SurfaceType.pixelFor(ILjava/awt/image/ColorModel;)I @ 6 c2
Event: 2155.114 Thread 0x00007ff882285800 DEOPT PACKING pc=0x0000000115c99e80 sp=0x0000700009eb7960
Event: 2155.115 Thread 0x00007ff882285800 DEOPT UNPACKING pc=0x000000010e14be25 sp=0x0000700009eb7890 mode 2
Event: 2155.115 Thread 0x00007ff882285800 Uncommon trap: trap_request=0xffffffde fr.pc=0x0000000115c99e80 relative=0x00000000000000e0
Event: 2155.115 Thread 0x00007ff882285800 Uncommon trap: reason=class_check action=maybe_recompile pc=0x0000000115c99e80 method=sun.java2d.loops.SurfaceType.pixelFor(ILjava/awt/image/ColorModel;)I @ 6 c2
Event: 2155.115 Thread 0x00007ff882285800 DEOPT PACKING pc=0x0000000115c99e80 sp=0x0000700009eb79e0
Event: 2155.115 Thread 0x00007ff882285800 DEOPT UNPACKING pc=0x000000010e14be25 sp=0x0000700009eb7910 mode 2
Event: 2155.115 Thread 0x00007ff882285800 Uncommon trap: trap_request=0xffffffde fr.pc=0x0000000115c99e80 relative=0x00000000000000e0
Event: 2155.115 Thread 0x00007ff882285800 Uncommon trap: reason=class_check action=maybe_recompile pc=0x0000000115c99e80 method=sun.java2d.loops.SurfaceType.pixelFor(ILjava/awt/image/ColorModel;)I @ 6 c2
Event: 2155.115 Thread 0x00007ff882285800 DEOPT PACKING pc=0x0000000115c99e80 sp=0x0000700009eb7970
Event: 2155.115 Thread 0x00007ff882285800 DEOPT UNPACKING pc=0x000000010e14be25 sp=0x0000700009eb78a0 mode 2

Classes unloaded (20 events):
Event: 2155.072 Thread 0x00007ff881002000 Unloading class 0x0000000800b60c40 'java/lang/invoke/LambdaForm$MH'
Event: 2155.072 Thread 0x00007ff881002000 Unloading class 0x0000000800b5e840 'java/lang/invoke/LambdaForm$MH'
Event: 2155.072 Thread 0x00007ff881002000 Unloading class 0x0000000800b5e440 'java/lang/invoke/LambdaForm$MH'
Event: 2155.072 Thread 0x00007ff881002000 Unloading class 0x0000000800b5dc40 'java/lang/invoke/LambdaForm$MH'
Event: 2155.072 Thread 0x00007ff881002000 Unloading class 0x0000000800b5d840 'java/lang/invoke/LambdaForm$MH'
Event: 2155.072 Thread 0x00007ff881002000 Unloading class 0x0000000800b5b440 'java/lang/invoke/LambdaForm$MH'
Event: 2155.072 Thread 0x00007ff881002000 Unloading class 0x0000000800b5b040 'java/lang/invoke/LambdaForm$MH'
Event: 2155.072 Thread 0x00007ff881002000 Unloading class 0x0000000800b5ac40 'java/lang/invoke/LambdaForm$MH'
Event: 2155.072 Thread 0x00007ff881002000 Unloading class 0x0000000800b5a840 'java/lang/invoke/LambdaForm$MH'
Event: 2155.072 Thread 0x00007ff881002000 Unloading class 0x0000000800b5a440 'java/lang/invoke/LambdaForm$MH'
Event: 2155.072 Thread 0x00007ff881002000 Unloading class 0x0000000800b5a040 'java/lang/invoke/LambdaForm$MH'
Event: 2155.072 Thread 0x00007ff881002000 Unloading class 0x0000000800b59c40 'java/lang/invoke/LambdaForm$MH'
Event: 2155.072 Thread 0x00007ff881002000 Unloading class 0x0000000800b59840 'java/lang/invoke/LambdaForm$MH'
Event: 2155.072 Thread 0x00007ff881002000 Unloading class 0x0000000800b59040 'java/lang/invoke/LambdaForm$MH'
Event: 2155.072 Thread 0x00007ff881002000 Unloading class 0x0000000800b58840 'java/lang/invoke/LambdaForm$MH'
Event: 2155.072 Thread 0x00007ff881002000 Unloading class 0x0000000800b58440 'java/lang/invoke/LambdaForm$MH'
Event: 2155.072 Thread 0x00007ff881002000 Unloading class 0x0000000800b58040 'java/lang/invoke/LambdaForm$MH'
Event: 2155.072 Thread 0x00007ff881002000 Unloading class 0x0000000800b4dc40 'java/lang/invoke/LambdaForm$MH'
Event: 2155.072 Thread 0x00007ff881002000 Unloading class 0x0000000800b4e440 'java/lang/invoke/LambdaForm$MH'
Event: 2155.072 Thread 0x00007ff881002000 Unloading class 0x0000000800b4e040 'java/lang/invoke/LambdaForm$MH'

Classes redefined (0 events):
No events

Internal exceptions (20 events):
Event: 0.151 Thread 0x00007ff882005800 Exception <a 'java/lang/ClassNotFoundException'{0x0000000787dc9aa8}: sun/awt/resources/spi/awtosxProvider> (0x0000000787dc9aa8) 
thrown [/scratch/mesos/slaves/00f4d7f9-7805-4b6a-aef8-9bb130db2435-S449/frameworks/1735e8a2-a1db-478c-8104-60c8b0af87dd-0196/executors/61c167f5-eddc-4f7c-9645-e4893d2fec16/runs/63c61189-e459-47ab-8540-b04d3bc7fd73/workspace/open/src/hotspot/share/classfile/systemDictionary.cpp, line 232]
Event: 0.449 Thread 0x00007ff882005800 Exception <a 'java/lang/NoSuchMethodError'{0x0000000787c8e9a0}: 'void java.lang.invoke.DirectMethodHandle$Holder.invokeStaticInit(java.lang.Object)'> (0x0000000787c8e9a0) 
thrown [/scratch/mesos/slaves/00f4d7f9-7805-4b6a-aef8-9bb130db2435-S449/frameworks/1735e8a2-a1db-478c-8104-60c8b0af87dd-0196/executors/61c167f5-eddc-4f7c-9645-e4893d2fec16/runs/63c61189-e459-47ab-8540-b04d3bc7fd73/workspace/open/src/hotspot/share/interpreter/linkResolver.cpp, line 767]
Event: 0.457 Thread 0x00007ff882005800 Exception <a 'java/lang/NoSuchMethodError'{0x0000000787cb3ff8}: 'java.lang.Object java.lang.invoke.DirectMethodHandle$Holder.invokeStatic(java.lang.Object, int, java.lang.Object, java.lang.Object, java.lang.Object, java.lang.Object)'> (0x0000000787cb3ff8) 
thrown [/scratch/mesos/slaves/00f4d7f9-7805-4b6a-aef8-9bb130db2435-S449/frameworks/1735e8a2-a1db-478c-8104-60c8b0af87dd-0196/executors/61c167f5-eddc-4f7c-9645-e4893d2fec16/runs/63c61189-e459-47ab-8540-b04d3bc7fd73/workspace/open/src/hotspot/share/interpr
Event: 0.457 Thread 0x00007ff882005800 Exception <a 'java/lang/NoSuchMethodError'{0x0000000787cba958}: 'java.lang.Object java.lang.invoke.DirectMethodHandle$Holder.invokeStatic(java.lang.Object, int, java.lang.Object, java.lang.Object, java.lang.Object)'> (0x0000000787cba958) 
thrown [/scratch/mesos/slaves/00f4d7f9-7805-4b6a-aef8-9bb130db2435-S449/frameworks/1735e8a2-a1db-478c-8104-60c8b0af87dd-0196/executors/61c167f5-eddc-4f7c-9645-e4893d2fec16/runs/63c61189-e459-47ab-8540-b04d3bc7fd73/workspace/open/src/hotspot/share/interpreter/linkResolver.
Event: 0.458 Thread 0x00007ff882005800 Exception <a 'java/lang/NoSuchMethodError'{0x0000000787cbe1c0}: 'java.lang.Object java.lang.invoke.DirectMethodHandle$Holder.invokeSpecial(java.lang.Object, java.lang.Object, int, java.lang.Object, java.lang.Object, java.lang.Object)'> (0x0000000787cbe1c0) 
thrown [/scratch/mesos/slaves/00f4d7f9-7805-4b6a-aef8-9bb130db2435-S449/frameworks/1735e8a2-a1db-478c-8104-60c8b0af87dd-0196/executors/61c167f5-eddc-4f7c-9645-e4893d2fec16/runs/63c61189-e459-47ab-8540-b04d3bc7fd73/workspace/open/src/hotspot/share/interp
Event: 0.460 Thread 0x00007ff882005800 Exception <a 'java/lang/NoSuchMethodError'{0x0000000787cd44b8}: 'java.lang.Object java.lang.invoke.DirectMethodHandle$Holder.invokeStatic(java.lang.Object, int, java.lang.Object)'> (0x0000000787cd44b8) 
thrown [/scratch/mesos/slaves/00f4d7f9-7805-4b6a-aef8-9bb130db2435-S449/frameworks/1735e8a2-a1db-478c-8104-60c8b0af87dd-0196/executors/61c167f5-eddc-4f7c-9645-e4893d2fec16/runs/63c61189-e459-47ab-8540-b04d3bc7fd73/workspace/open/src/hotspot/share/interpreter/linkResolver.cpp, line 767]
Event: 0.464 Thread 0x00007ff882005800 Exception <a 'java/lang/ClassNotFoundException'{0x0000000787b01388}: com/apple/laf/resources/spi/aquaProvider> (0x0000000787b01388) 
thrown [/scratch/mesos/slaves/00f4d7f9-7805-4b6a-aef8-9bb130db2435-S449/frameworks/1735e8a2-a1db-478c-8104-60c8b0af87dd-0196/executors/61c167f5-eddc-4f7c-9645-e4893d2fec16/runs/63c61189-e459-47ab-8540-b04d3bc7fd73/workspace/open/src/hotspot/share/classfile/systemDictionary.cpp, line 232]
Event: 0.481 Thread 0x00007ff882005800 Exception <a 'java/lang/ClassNotFoundException'{0x0000000787b63f80}: com/sun/swing/internal/plaf/basic/resources/spi/basicProvider> (0x0000000787b63f80) 
thrown [/scratch/mesos/slaves/00f4d7f9-7805-4b6a-aef8-9bb130db2435-S449/frameworks/1735e8a2-a1db-478c-8104-60c8b0af87dd-0196/executors/61c167f5-eddc-4f7c-9645-e4893d2fec16/runs/63c61189-e459-47ab-8540-b04d3bc7fd73/workspace/open/src/hotspot/share/classfile/systemDictionary.cpp, line 232]
Event: 0.542 Thread 0x00007ff882005800 Exception <a 'java/lang/NoSuchMethodError'{0x0000000787bda120}: 'java.lang.Object java.lang.invoke.Invokers$Holder.linkToTargetMethod(java.lang.Object, java.lang.Object, int, java.lang.Object, java.lang.Object)'> (0x0000000787bda120) 
thrown [/scratch/mesos/slaves/00f4d7f9-7805-4b6a-aef8-9bb130db2435-S449/frameworks/1735e8a2-a1db-478c-8104-60c8b0af87dd-0196/executors/61c167f5-eddc-4f7c-9645-e4893d2fec16/runs/63c61189-e459-47ab-8540-b04d3bc7fd73/workspace/open/src/hotspot/share/interpreter/linkResolver.cpp,
Event: 0.561 Thread 0x00007ff882005800 Exception <a 'java/lang/NoSuchMethodError'{0x0000000787bdd860}: 'void java.lang.invoke.DirectMethodHandle$Holder.invokeStatic(java.lang.Object, int, long)'> (0x0000000787bdd860) 
thrown [/scratch/mesos/slaves/00f4d7f9-7805-4b6a-aef8-9bb130db2435-S449/frameworks/1735e8a2-a1db-478c-8104-60c8b0af87dd-0196/executors/61c167f5-eddc-4f7c-9645-e4893d2fec16/runs/63c61189-e459-47ab-8540-b04d3bc7fd73/workspace/open/src/hotspot/share/interpreter/linkResolver.cpp, line 767]
Event: 0.563 Thread 0x00007ff882005800 Exception <a 'java/lang/NoSuchMethodError'{0x0000000787be4b60}: 'void java.lang.invoke.DirectMethodHandle$Holder.invokeSpecial(java.lang.Object, java.lang.Object)'> (0x0000000787be4b60) 
thrown [/scratch/mesos/slaves/00f4d7f9-7805-4b6a-aef8-9bb130db2435-S449/frameworks/1735e8a2-a1db-478c-8104-60c8b0af87dd-0196/executors/61c167f5-eddc-4f7c-9645-e4893d2fec16/runs/63c61189-e459-47ab-8540-b04d3bc7fd73/workspace/open/src/hotspot/share/interpreter/linkResolver.cpp, line 767]
Event: 0.564 Thread 0x00007ff882285800 Exception <a 'java/lang/NoSuchMethodError'{0x0000000787bfe858}: 'void java.lang.invoke.DirectMethodHandle$Holder.invokeStatic(java.lang.Object, long)'> (0x0000000787bfe858) 
thrown [/scratch/mesos/slaves/00f4d7f9-7805-4b6a-aef8-9bb130db2435-S449/frameworks/1735e8a2-a1db-478c-8104-60c8b0af87dd-0196/executors/61c167f5-eddc-4f7c-9645-e4893d2fec16/runs/63c61189-e459-47ab-8540-b04d3bc7fd73/workspace/open/src/hotspot/share/interpreter/linkResolver.cpp, line 767]
Event: 0.565 Thread 0x00007ff882005800 Exception <a 'java/lang/NoSuchMethodError'{0x0000000787bf5090}: 'java.lang.Object java.lang.invoke.Invokers$Holder.linkToTargetMethod(int, int, int, int, java.lang.Object)'> (0x0000000787bf5090) 
thrown [/scratch/mesos/slaves/00f4d7f9-7805-4b6a-aef8-9bb130db2435-S449/frameworks/1735e8a2-a1db-478c-8104-60c8b0af87dd-0196/executors/61c167f5-eddc-4f7c-9645-e4893d2fec16/runs/63c61189-e459-47ab-8540-b04d3bc7fd73/workspace/open/src/hotspot/share/interpreter/linkResolver.cpp, line 767]
Event: 0.567 Thread 0x00007ff882005800 Exception <a 'java/lang/NoSuchMethodError'{0x0000000787a7d140}: 'void java.lang.invoke.DirectMethodHandle$Holder.invokeStatic(java.lang.Object, java.lang.Object, long)'> (0x0000000787a7d140) 
thrown [/scratch/mesos/slaves/00f4d7f9-7805-4b6a-aef8-9bb130db2435-S449/frameworks/1735e8a2-a1db-478c-8104-60c8b0af87dd-0196/executors/61c167f5-eddc-4f7c-9645-e4893d2fec16/runs/63c61189-e459-47ab-8540-b04d3bc7fd73/workspace/open/src/hotspot/share/interpreter/linkResolver.cpp, line 767]
Event: 0.576 Thread 0x00007ff881059800 Exception <a 'java/lang/NoSuchMethodError'{0x0000000787c41738}: 'void java.lang.invoke.DirectMethodHandle$Holder.invokeSpecial(java.lang.Object, java.lang.Object, long)'> (0x0000000787c41738) 
thrown [/scratch/mesos/slaves/00f4d7f9-7805-4b6a-aef8-9bb130db2435-S449/frameworks/1735e8a2-a1db-478c-8104-60c8b0af87dd-0196/executors/61c167f5-eddc-4f7c-9645-e4893d2fec16/runs/63c61189-e459-47ab-8540-b04d3bc7fd73/workspace/open/src/hotspot/share/interpreter/linkResolver.cpp, line 767]
Event: 0.665 Thread 0x00007ff882005800 Exception <a 'java/lang/NoSuchMethodError'{0x0000000787a95718}: 'void java.lang.invoke.DirectMethodHandle$Holder.invokeStatic(java.lang.Object, long, long)'> (0x0000000787a95718) 
thrown [/scratch/mesos/slaves/00f4d7f9-7805-4b6a-aef8-9bb130db2435-S449/frameworks/1735e8a2-a1db-478c-8104-60c8b0af87dd-0196/executors/61c167f5-eddc-4f7c-9645-e4893d2fec16/runs/63c61189-e459-47ab-8540-b04d3bc7fd73/workspace/open/src/hotspot/share/interpreter/linkResolver.cpp, line 767]
Event: 0.667 Thread 0x00007ff882005800 Exception <a 'java/lang/NoSuchMethodError'{0x0000000787aa09e8}: 'java.lang.Object java.lang.invoke.Invokers$Holder.linkToTargetMethod(java.lang.Object, int, java.lang.Object)'> (0x0000000787aa09e8) 
thrown [/scratch/mesos/slaves/00f4d7f9-7805-4b6a-aef8-9bb130db2435-S449/frameworks/1735e8a2-a1db-478c-8104-60c8b0af87dd-0196/executors/61c167f5-eddc-4f7c-9645-e4893d2fec16/runs/63c61189-e459-47ab-8540-b04d3bc7fd73/workspace/open/src/hotspot/share/interpreter/linkResolver.cpp, line 767]
Event: 1758.827 Thread 0x00007ff882285800 Implicit null exception at 0x0000000115cfd0c0 to 0x0000000115cfe1c6
Event: 1758.838 Thread 0x00007ff882285800 Implicit null exception at 0x0000000115c774ad to 0x0000000115c7766e
Event: 1761.390 Thread 0x00007ff881809800 Exception <a 'java/lang/NullPointerException'{0x0000000786800088}> (0x0000000786800088) 
thrown [/scratch/mesos/slaves/00f4d7f9-7805-4b6a-aef8-9bb130db2435-S449/frameworks/1735e8a2-a1db-478c-8104-60c8b0af87dd-0196/executors/61c167f5-eddc-4f7c-9645-e4893d2fec16/runs/63c61189-e459-47ab-8540-b04d3bc7fd73/workspace/open/src/hotspot/share/interpreter/linkResolver.cpp, line 1349]

Events (20 events):
Event: 2155.095 loading class sun/font/StrikeCache$2
Event: 2155.095 loading class sun/font/StrikeCache$2 done
Event: 2155.098 Executing VM operation: G1CollectForAllocation
Event: 2155.100 Executing VM operation: G1CollectForAllocation done
Event: 2155.103 Executing VM operation: G1Concurrent
Event: 2155.104 Executing VM operation: G1Concurrent done
Event: 2155.105 Executing VM operation: G1Concurrent
Event: 2155.105 Executing VM operation: G1Concurrent done
Event: 2155.111 loading class javax/swing/RepaintManager$DoubleBufferInfo
Event: 2155.111 loading class javax/swing/RepaintManager$DoubleBufferInfo done
Event: 2155.112 Executing VM operation: G1CollectForAllocation
Event: 2155.113 Executing VM operation: G1CollectForAllocation done
Event: 2155.113 loading class sun/awt/image/OffScreenImage
Event: 2155.114 loading class sun/awt/image/OffScreenImage done
Event: 2155.114 Executing VM operation: Deoptimize
Event: 2155.114 Executing VM operation: Deoptimize done
Event: 2155.117 Executing VM operation: G1Concurrent
Event: 2155.118 Executing VM operation: G1Concurrent done
Event: 2155.119 Executing VM operation: G1Concurrent
Event: 2155.119 Executing VM operation: G1Concurrent done


Dynamic libraries:
0x00007fff6fbcd000 	/usr/lib/libz.1.dylib
0x0000000102833000 	/Library/Java/JavaVirtualMachines/jdk-13.jdk/Contents/Home/lib/libjli.dylib
0x00007fff3821c000 	/System/Library/Frameworks/Cocoa.framework/Versions/A/Cocoa
0x00007fff457e8000 	/System/Library/Frameworks/Security.framework/Versions/A/Security
0x00007fff371a7000 	/System/Library/Frameworks/ApplicationServices.framework/Versions/A/ApplicationServices
0x00007fff6d6a0000 	/usr/lib/libSystem.B.dylib
0x00007fff70643000 	/usr/lib/system/libcache.dylib
0x00007fff70649000 	/usr/lib/system/libcommonCrypto.dylib
0x00007fff70655000 	/usr/lib/system/libcompiler_rt.dylib
0x00007fff7065d000 	/usr/lib/system/libcopyfile.dylib
0x00007fff70667000 	/usr/lib/system/libcorecrypto.dylib
0x00007fff70815000 	/usr/lib/system/libdispatch.dylib
0x00007fff70857000 	/usr/lib/system/libdyld.dylib
0x00007fff7088d000 	/usr/lib/system/libkeymgr.dylib
0x00007fff7089b000 	/usr/lib/system/liblaunch.dylib
0x00007fff7089c000 	/usr/lib/system/libmacho.dylib
0x00007fff708a2000 	/usr/lib/system/libquarantine.dylib
0x00007fff708a5000 	/usr/lib/system/libremovefile.dylib
0x00007fff708a7000 	/usr/lib/system/libsystem_asl.dylib
0x00007fff708bf000 	/usr/lib/system/libsystem_blocks.dylib
0x00007fff708c0000 	/usr/lib/system/libsystem_c.dylib
0x00007fff70948000 	/usr/lib/system/libsystem_configuration.dylib
0x00007fff7094c000 	/usr/lib/system/libsystem_coreservices.dylib
0x00007fff70950000 	/usr/lib/system/libsystem_darwin.dylib
0x00007fff70959000 	/usr/lib/system/libsystem_dnssd.dylib
0x00007fff70961000 	/usr/lib/system/libsystem_featureflags.dylib
0x00007fff70963000 	/usr/lib/system/libsystem_info.dylib
0x00007fff709de000 	/usr/lib/system/libsystem_m.dylib
0x00007fff70a26000 	/usr/lib/system/libsystem_malloc.dylib
0x00007fff70a4e000 	/usr/lib/system/libsystem_networkextension.dylib
0x00007fff70a5c000 	/usr/lib/system/libsystem_notify.dylib
0x00007fff70a7b000 	/usr/lib/system/libsystem_sandbox.dylib
0x00007fff70a80000 	/usr/lib/system/libsystem_secinit.dylib
0x00007fff709b1000 	/usr/lib/system/libsystem_kernel.dylib
0x00007fff70a66000 	/usr/lib/system/libsystem_platform.dylib
0x00007fff70a70000 	/usr/lib/system/libsystem_pthread.dylib
0x00007fff70a83000 	/usr/lib/system/libsystem_symptoms.dylib
0x00007fff70a8b000 	/usr/lib/system/libsystem_trace.dylib
0x00007fff70aa3000 	/usr/lib/system/libunwind.dylib
0x00007fff70aa9000 	/usr/lib/system/libxpc.dylib
0x00007fff6f4f1000 	/usr/lib/libobjc.A.dylib
0x00007fff6d9da000 	/usr/lib/libc++abi.dylib
0x00007fff6d986000 	/usr/lib/libc++.1.dylib
0x00007fff39192000 	/System/Library/Frameworks/CoreFoundation.framework/Versions/A/CoreFoundation
0x00007fff3b857000 	/System/Library/Frameworks/Foundation.framework/Versions/C/Foundation
0x00007fff3639c000 	/System/Library/Frameworks/AppKit.framework/Versions/C/AppKit
0x00007fff38c9f000 	/System/Library/Frameworks/CoreData.framework/Versions/A/CoreData
0x00007fff69f4b000 	/System/Library/PrivateFrameworks/UIFoundation.framework/Versions/A/UIFoundation
0x00007fff64736000 	/System/Library/PrivateFrameworks/RemoteViewServices.framework/Versions/A/RemoteViewServices
0x00007fff6c9db000 	/System/Library/PrivateFrameworks/XCTTargetBootstrap.framework/Versions/A/XCTTargetBootstrap
0x00007fff39082000 	/System/Library/Frameworks/CoreDisplay.framework/Versions/A/CoreDisplay
0x00007fff3e5cf000 	/System/Library/Frameworks/Metal.framework/Versions/A/Metal
0x00007fff52b57000 	/System/Library/PrivateFrameworks/DesktopServicesPriv.framework/Versions/A/DesktopServicesPriv
0x00007fff6e7d6000 	/usr/lib/liblangid.dylib
0x00007fff51cae000 	/System/Library/PrivateFrameworks/CoreSVG.framework/Versions/A/CoreSVG
0x00007fff674f8000 	/System/Library/PrivateFrameworks/SkyLight.framework/Versions/A/SkyLight
0x00007fff39614000 	/System/Library/Frameworks/CoreGraphics.framework/Versions/A/CoreGraphics
0x00007fff34f3b000 	/System/Library/Frameworks/Accelerate.framework/Versions/A/Accelerate
0x00007fff6fabe000 	/usr/lib/libxml2.2.dylib
0x00007fff5d875000 	/System/Library/PrivateFrameworks/IconServices.framework/Versions/A/IconServices
0x00007fff3c03b000 	/System/Library/Frameworks/IOSurface.framework/Versions/A/IOSurface
0x00007fff6d1d8000 	/usr/lib/libDiagnosticMessagesClient.dylib
0x00007fff529d0000 	/System/Library/PrivateFrameworks/DFRFoundation.framework/Versions/A/DFRFoundation
0x00007fff6e564000 	/usr/lib/libicucore.A.dylib
0x00007fff374d9000 	/System/Library/Frameworks/AudioToolbox.framework/Versions/A/AudioToolbox
0x00007fff375bb000 	/System/Library/Frameworks/AudioUnit.framework/Versions/A/AudioUnit
0x00007fff6d8a1000 	/usr/lib/libauto.dylib
0x00007fff52a51000 	/System/Library/PrivateFrameworks/DataDetectorsCore.framework/Versions/A/DataDetectorsCore
0x00007fff37d3c000 	/System/Library/Frameworks/Carbon.framework/Versions/A/Frameworks/HIToolbox.framework/Versions/A/HIToolbox
0x00007fff44a1a000 	/System/Library/Frameworks/QuartzCore.framework/Versions/A/QuartzCore
0x00007fff3807b000 	/System/Library/Frameworks/Carbon.framework/Versions/A/Frameworks/SpeechRecognition.framework/Versions/A/SpeechRecognition
0x00007fff52356000 	/System/Library/PrivateFrameworks/CoreUI.framework/Versions/A/CoreUI
0x00007fff38705000 	/System/Library/Frameworks/CoreAudio.framework/Versions/A/CoreAudio
0x00007fff3b51f000 	/System/Library/Frameworks/DiskArbitration.framework/Versions/A/DiskArbitration
0x00007fff5f889000 	/System/Library/PrivateFrameworks/MultitouchSupport.framework/Versions/A/MultitouchSupport
0x00007fff6e42a000 	/usr/lib/libenergytrace.dylib
0x00007fff3bf96000 	/System/Library/Frameworks/IOKit.framework/Versions/A/IOKit
0x00007fff3a582000 	/System/Library/Frameworks/CoreServices.framework/Versions/A/CoreServices
0x00007fff61993000 	/System/Library/PrivateFrameworks/PerformanceAnalysis.framework/Versions/A/PerformanceAnalysis
0x00007fff43a50000 	/System/Library/Frameworks/OpenGL.framework/Versions/A/OpenGL
0x00007fff3822a000 	/System/Library/Frameworks/ColorSync.framework/Versions/A/ColorSync
0x00007fff39c9b000 	/System/Library/Frameworks/CoreImage.framework/Versions/A/CoreImage
0x00007fff3aff8000 	/System/Library/Frameworks/CoreText.framework/Versions/A/CoreText
0x00007fff3c0c1000 	/System/Library/Frameworks/ImageIO.framework/Versions/A/ImageIO
0x00007fff6da02000 	/usr/lib/libcompression.dylib
0x00007fff6d51a000 	/usr/lib/libMobileGestalt.dylib
0x00007fff6902d000 	/System/Library/PrivateFrameworks/TextureIO.framework/Versions/A/TextureIO
0x00007fff6d807000 	/usr/lib/libate.dylib
0x00007fff5da7e000 	/System/Library/PrivateFrameworks/InternationalSupport.framework/Versions/A/InternationalSupport
0x00007fff6e7d8000 	/usr/lib/liblzma.5.dylib
0x00007fff6e452000 	/usr/lib/libfakelink.dylib
0x00007fff6d794000 	/usr/lib/libarchive.2.dylib
0x00007fff46988000 	/System/Library/Frameworks/SystemConfiguration.framework/Versions/A/SystemConfiguration
0x00007fff6d109000 	/usr/lib/libCRFSuite.dylib
0x00007fff37931000 	/System/Library/Frameworks/CFNetwork.framework/Versions/A/CFNetwork
0x00007fff6d968000 	/usr/lib/libbsm.0.dylib
0x00007fff7088e000 	/usr/lib/system/libkxld.dylib
0x00007fff4c492000 	/System/Library/PrivateFrameworks/AppleFSCompression.framework/Versions/A/AppleFSCompression
0x00007fff6dce9000 	/usr/lib/libcoretls.dylib
0x00007fff6dd00000 	/usr/lib/libcoretls_cfhelpers.dylib
0x00007fff6f535000 	/usr/lib/libpam.2.dylib
0x00007fff6f668000 	/usr/lib/libsqlite3.dylib
0x00007fff6faab000 	/usr/lib/libxar.1.dylib
0x00007fff6d979000 	/usr/lib/libbz2.1.0.dylib
0x00007fff6e473000 	/usr/lib/libiconv.2.dylib
0x00007fff6d9ef000 	/usr/lib/libcharset.1.dylib
0x00007fff6efdc000 	/usr/lib/libnetwork.dylib
0x00007fff6f53c000 	/usr/lib/libpcap.A.dylib
0x00007fff6d749000 	/usr/lib/libapple_nghttp2.dylib
0x00007fff3a939000 	/System/Library/Frameworks/CoreServices.framework/Versions/A/Frameworks/FSEvents.framework/Versions/A/FSEvents
0x00007fff3a609000 	/System/Library/Frameworks/CoreServices.framework/Versions/A/Frameworks/CarbonCore.framework/Versions/A/CarbonCore
0x00007fff3ab7c000 	/System/Library/Frameworks/CoreServices.framework/Versions/A/Frameworks/Metadata.framework/Versions/A/Metadata
0x00007fff3ac15000 	/System/Library/Frameworks/CoreServices.framework/Versions/A/Frameworks/OSServices.framework/Versions/A/OSServices
0x00007fff3ac43000 	/System/Library/Frameworks/CoreServices.framework/Versions/A/Frameworks/SearchKit.framework/Versions/A/SearchKit
0x00007fff3a583000 	/System/Library/Frameworks/CoreServices.framework/Versions/A/Frameworks/AE.framework/Versions/A/AE
0x00007fff3a942000 	/System/Library/Frameworks/CoreServices.framework/Versions/A/Frameworks/LaunchServices.framework/Versions/A/LaunchServices
0x00007fff3a8eb000 	/System/Library/Frameworks/CoreServices.framework/Versions/A/Frameworks/DictionaryServices.framework/Versions/A/DictionaryServices
0x00007fff3acab000 	/System/Library/Frameworks/CoreServices.framework/Versions/A/Frameworks/SharedFileList.framework/Versions/A/SharedFileList
0x00007fff3f8a4000 	/System/Library/Frameworks/NetFS.framework/Versions/A/NetFS
0x00007fff5fdb6000 	/System/Library/PrivateFrameworks/NetAuth.framework/Versions/A/NetAuth
0x00007fff6cda6000 	/System/Library/PrivateFrameworks/login.framework/Versions/A/Frameworks/loginsupport.framework/Versions/A/loginsupport
0x00007fff68b28000 	/System/Library/PrivateFrameworks/TCC.framework/Versions/A/TCC
0x00007fff5107d000 	/System/Library/PrivateFrameworks/CoreNLP.framework/Versions/A/CoreNLP
0x00007fff5f2b9000 	/System/Library/PrivateFrameworks/MetadataUtilities.framework/Versions/A/MetadataUtilities
0x00007fff6e8b0000 	/usr/lib/libmecabra.dylib
0x00007fff6e808000 	/usr/lib/libmecab.dylib
0x00007fff6e463000 	/usr/lib/libgermantok.dylib
0x00007fff6d730000 	/usr/lib/libThaiTokenizer.dylib
0x00007fff6d141000 	/usr/lib/libChineseTokenizer.dylib
0x00007fff34f53000 	/System/Library/Frameworks/Accelerate.framework/Versions/A/Frameworks/vImage.framework/Versions/A/vImage
0x00007fff361f6000 	/System/Library/Frameworks/Accelerate.framework/Versions/A/Frameworks/vecLib.framework/Versions/A/vecLib
0x00007fff3613a000 	/System/Library/Frameworks/Accelerate.framework/Versions/A/Frameworks/vecLib.framework/Versions/A/libvMisc.dylib
0x00007fff35f60000 	/System/Library/Frameworks/Accelerate.framework/Versions/A/Frameworks/vecLib.framework/Versions/A/libvDSP.dylib
0x00007fff355bf000 	/System/Library/Frameworks/Accelerate.framework/Versions/A/Frameworks/vecLib.framework/Versions/A/libBLAS.dylib
0x00007fff35b1a000 	/System/Library/Frameworks/Accelerate.framework/Versions/A/Frameworks/vecLib.framework/Versions/A/libLAPACK.dylib
0x00007fff35ec0000 	/System/Library/Frameworks/Accelerate.framework/Versions/A/Frameworks/vecLib.framework/Versions/A/libLinearAlgebra.dylib
0x00007fff35f4d000 	/System/Library/Frameworks/Accelerate.framework/Versions/A/Frameworks/vecLib.framework/Versions/A/libSparseBLAS.dylib
0x00007fff35ed6000 	/System/Library/Frameworks/Accelerate.framework/Versions/A/Frameworks/vecLib.framework/Versions/A/libQuadrature.dylib
0x00007fff35829000 	/System/Library/Frameworks/Accelerate.framework/Versions/A/Frameworks/vecLib.framework/Versions/A/libBNNS.dylib
0x00007fff35edc000 	/System/Library/Frameworks/Accelerate.framework/Versions/A/Frameworks/vecLib.framework/Versions/A/libSparse.dylib
0x00007fff5de3d000 	/System/Library/PrivateFrameworks/LanguageModeling.framework/Versions/A/LanguageModeling
0x00007fff50a19000 	/System/Library/PrivateFrameworks/CoreEmoji.framework/Versions/A/CoreEmoji
0x00007fff5df5b000 	/System/Library/PrivateFrameworks/LinguisticData.framework/Versions/A/LinguisticData
0x00007fff5df0c000 	/System/Library/PrivateFrameworks/Lexicon.framework/Versions/A/Lexicon
0x00007fff6d9f0000 	/usr/lib/libcmph.dylib
0x00007fff42476000 	/System/Library/Frameworks/OpenDirectory.framework/Versions/A/Frameworks/CFOpenDirectory.framework/Versions/A/CFOpenDirectory
0x00007fff42493000 	/System/Library/Frameworks/OpenDirectory.framework/Versions/A/OpenDirectory
0x00007fff4a761000 	/System/Library/PrivateFrameworks/APFS.framework/Versions/A/APFS
0x00007fff45b3b000 	/System/Library/Frameworks/SecurityFoundation.framework/Versions/A/SecurityFoundation
0x00007fff6faa7000 	/usr/lib/libutil.dylib
0x00007fff51d06000 	/System/Library/PrivateFrameworks/CoreServicesStore.framework/Versions/A/CoreServicesStore
0x00007fff45bf3000 	/System/Library/Frameworks/ServiceManagement.framework/Versions/A/ServiceManagement
0x00007fff4dc49000 	/System/Library/PrivateFrameworks/BackgroundTaskManagement.framework/Versions/A/BackgroundTaskManagement
0x00007fff6fba4000 	/usr/lib/libxslt.1.dylib
0x00007fff4caf7000 	/System/Library/PrivateFrameworks/AppleSystemInfo.framework/Versions/A/AppleSystemInfo
0x00007fff3c2de000 	/System/Library/Frameworks/ImageIO.framework/Versions/A/Resources/libJPEG.dylib
0x00007fff3c59d000 	/System/Library/Frameworks/ImageIO.framework/Versions/A/Resources/libTIFF.dylib
0x00007fff3c580000 	/System/Library/Frameworks/ImageIO.framework/Versions/A/Resources/libPng.dylib
0x00007fff3c21f000 	/System/Library/Frameworks/ImageIO.framework/Versions/A/Resources/libGIF.dylib
0x00007fff3c223000 	/System/Library/Frameworks/ImageIO.framework/Versions/A/Resources/libJP2.dylib
0x00007fff3c59b000 	/System/Library/Frameworks/ImageIO.framework/Versions/A/Resources/libRadiance.dylib
0x00007fff6e42b000 	/usr/lib/libexpat.1.dylib
0x00007fff4c5ed000 	/System/Library/PrivateFrameworks/AppleJPEG.framework/Versions/A/AppleJPEG
0x00007fff54f73000 	/System/Library/PrivateFrameworks/FontServices.framework/libFontParser.dylib
0x00007fff6bdfd000 	/System/Library/PrivateFrameworks/WatchdogClient.framework/Versions/A/WatchdogClient
0x00007fff5d4ca000 	/System/Library/PrivateFrameworks/IOAccelerator.framework/Versions/A/IOAccelerator
0x00007fff3e95d000 	/System/Library/Frameworks/MetalPerformanceShaders.framework/Versions/A/MetalPerformanceShaders
0x00007fff59cc1000 	/System/Library/PrivateFrameworks/GPUWrangler.framework/Versions/A/GPUWrangler
0x00007fff5d4d5000 	/System/Library/PrivateFrameworks/IOPresentment.framework/Versions/A/IOPresentment
0x00007fff529e3000 	/System/Library/PrivateFrameworks/DSExternalDisplay.framework/Versions/A/DSExternalDisplay
0x00007fff42dfc000 	/System/Library/Frameworks/OpenGL.framework/Versions/A/Libraries/libCoreFSCache.dylib
0x00007fff3e6af000 	/System/Library/Frameworks/MetalPerformanceShaders.framework/Frameworks/MPSCore.framework/Versions/A/MPSCore
0x00007fff3e6ec000 	/System/Library/Frameworks/MetalPerformanceShaders.framework/Frameworks/MPSImage.framework/Versions/A/MPSImage
0x00007fff3e7ae000 	/System/Library/Frameworks/MetalPerformanceShaders.framework/Frameworks/MPSNeuralNetwork.framework/Versions/A/MPSNeuralNetwork
0x00007fff3e773000 	/System/Library/Frameworks/MetalPerformanceShaders.framework/Frameworks/MPSMatrix.framework/Versions/A/MPSMatrix
0x00007fff3e90e000 	/System/Library/Frameworks/MetalPerformanceShaders.framework/Frameworks/MPSRayIntersector.framework/Versions/A/MPSRayIntersector
0x00007fff3e798000 	/System/Library/Frameworks/MetalPerformanceShaders.framework/Frameworks/MPSNDArray.framework/Versions/A/MPSNDArray
0x00007fff5f306000 	/System/Library/PrivateFrameworks/MetalTools.framework/Versions/A/MetalTools
0x00007fff4b918000 	/System/Library/PrivateFrameworks/AggregateDictionary.framework/Versions/A/AggregateDictionary
0x00007fff504a3000 	/System/Library/PrivateFrameworks/CoreAnalytics.framework/Versions/A/CoreAnalytics
0x00007fff4ca15000 	/System/Library/PrivateFrameworks/AppleSauce.framework/Versions/A/AppleSauce
0x00007fff6d3fd000 	/usr/lib/libIOReport.dylib
0x00007fff3b1ad000 	/System/Library/Frameworks/CoreVideo.framework/Versions/A/CoreVideo
0x00007fff5b12d000 	/System/Library/PrivateFrameworks/GraphVisualizer.framework/Versions/A/GraphVisualizer
0x00007fff544f4000 	/System/Library/PrivateFrameworks/FaceCore.framework/Versions/A/FaceCore
0x00007fff4241d000 	/System/Library/Frameworks/OpenCL.framework/Versions/A/OpenCL
0x00007fff6d21f000 	/usr/lib/libFosl_dynamic.dylib
0x00007fff607b1000 	/System/Library/PrivateFrameworks/OTSVG.framework/Versions/A/OTSVG
0x00007fff372ac000 	/System/Library/Frameworks/ApplicationServices.framework/Versions/A/Frameworks/ATS.framework/Versions/A/Resources/libFontRegistry.dylib
0x00007fff55144000 	/System/Library/PrivateFrameworks/FontServices.framework/libhvf.dylib
0x00007fff42e07000 	/System/Library/Frameworks/OpenGL.framework/Versions/A/Libraries/libGFXShared.dylib
0x00007fff42fe4000 	/System/Library/Frameworks/OpenGL.framework/Versions/A/Libraries/libGLU.dylib
0x00007fff42e10000 	/System/Library/Frameworks/OpenGL.framework/Versions/A/Libraries/libGL.dylib
0x00007fff42e1b000 	/System/Library/Frameworks/OpenGL.framework/Versions/A/Libraries/libGLImage.dylib
0x00007fff42df9000 	/System/Library/Frameworks/OpenGL.framework/Versions/A/Libraries/libCVMSPluginSupport.dylib
0x00007fff42e02000 	/System/Library/Frameworks/OpenGL.framework/Versions/A/Libraries/libCoreVMClient.dylib
0x00007fff6ee7e000 	/usr/lib/libncurses.5.4.dylib
0x00007fff371a8000 	/System/Library/Frameworks/ApplicationServices.framework/Versions/A/Frameworks/ATS.framework/Versions/A/ATS
0x00007fff37375000 	/System/Library/Frameworks/ApplicationServices.framework/Versions/A/Frameworks/ColorSyncLegacy.framework/Versions/A/ColorSyncLegacy
0x00007fff37414000 	/System/Library/Frameworks/ApplicationServices.framework/Versions/A/Frameworks/HIServices.framework/Versions/A/HIServices
0x00007fff3746b000 	/System/Library/Frameworks/ApplicationServices.framework/Versions/A/Frameworks/LangAnalysis.framework/Versions/A/LangAnalysis
0x00007fff3747a000 	/System/Library/Frameworks/ApplicationServices.framework/Versions/A/Frameworks/PrintCore.framework/Versions/A/PrintCore
0x00007fff374c0000 	/System/Library/Frameworks/ApplicationServices.framework/Versions/A/Frameworks/QD.framework/Versions/A/QD
0x00007fff374cb000 	/System/Library/Frameworks/ApplicationServices.framework/Versions/A/Frameworks/SpeechSynthesis.framework/Versions/A/SpeechSynthesis
0x00007fff37345000 	/System/Library/Frameworks/ApplicationServices.framework/Versions/A/Frameworks/ATSUI.framework/Versions/A/ATSUI
0x00007fff6e2bf000 	/usr/lib/libcups.2.dylib
0x00007fff3da0c000 	/System/Library/Frameworks/Kerberos.framework/Versions/A/Kerberos
0x00007fff3bc8c000 	/System/Library/Frameworks/GSS.framework/Versions/A/GSS
0x00007fff6f5f4000 	/usr/lib/libresolv.9.dylib
0x00007fff5b2ce000 	/System/Library/PrivateFrameworks/Heimdal.framework/Versions/A/Heimdal
0x00007fff3da1f000 	/System/Library/Frameworks/Kerberos.framework/Versions/A/Libraries/libHeimdalProxy.dylib
0x00007fff6e469000 	/usr/lib/libheimdal-asn1.dylib
0x00007fff4f949000 	/System/Library/PrivateFrameworks/CommonAuth.framework/Versions/A/CommonAuth
0x00007fff4cb94000 	/System/Library/PrivateFrameworks/AssertionServices.framework/Versions/A/AssertionServices
0x00007fff4d737000 	/System/Library/PrivateFrameworks/AudioToolboxCore.framework/Versions/A/AudioToolboxCore
0x00007fff6ca57000 	/System/Library/PrivateFrameworks/caulk.framework/Versions/A/caulk
0x00007fff4dcf5000 	/System/Library/PrivateFrameworks/BaseBoard.framework/Versions/A/BaseBoard
0x00007fff648c5000 	/System/Library/PrivateFrameworks/RunningBoardServices.framework/Versions/A/RunningBoardServices
0x00007fff6199f000 	/System/Library/PrivateFrameworks/PersistentConnection.framework/Versions/A/PersistentConnection
0x00007fff64314000 	/System/Library/PrivateFrameworks/ProtocolBuffer.framework/Versions/A/ProtocolBuffer
0x00007fff4f96e000 	/System/Library/PrivateFrameworks/CommonUtilities.framework/Versions/A/CommonUtilities
0x00007fff4de78000 	/System/Library/PrivateFrameworks/Bom.framework/Versions/A/Bom
0x00007fff6d0cc000 	/usr/lib/libAudioToolboxUtility.dylib
0x00007fff4dc53000 	/System/Library/PrivateFrameworks/Backup.framework/Versions/A/Backup
0x00007fff52753000 	/System/Library/PrivateFrameworks/CrashReporterSupport.framework/Versions/A/CrashReporterSupport
0x00007fff663bc000 	/System/Library/PrivateFrameworks/Sharing.framework/Versions/A/Sharing
0x00007fff4c338000 	/System/Library/PrivateFrameworks/Apple80211.framework/Versions/A/Apple80211
0x00007fff4d975000 	/System/Library/PrivateFrameworks/AuthKit.framework/Versions/A/AuthKit
0x00007fff52483000 	/System/Library/PrivateFrameworks/CoreUtils.framework/Versions/A/CoreUtils
0x00007fff3b1f2000 	/System/Library/Frameworks/CoreWLAN.framework/Versions/A/CoreWLAN
0x00007fff3be17000 	/System/Library/Frameworks/IOBluetooth.framework/Versions/A/IOBluetooth
0x00007fff5f604000 	/System/Library/PrivateFrameworks/MobileKeyBag.framework/Versions/A/MobileKeyBag
0x00007fff51559000 	/System/Library/PrivateFrameworks/CorePhoneNumbers.framework/Versions/A/CorePhoneNumbers
0x00007fff4c5a0000 	/System/Library/PrivateFrameworks/AppleIDAuthSupport.framework/Versions/A/AppleIDAuthSupport
0x00007fff3f8b1000 	/System/Library/Frameworks/Network.framework/Versions/A/Network
0x00007fff5dcc5000 	/System/Library/PrivateFrameworks/KeychainCircle.framework/Versions/A/KeychainCircle
0x00007fff38c67000 	/System/Library/Frameworks/CoreBluetooth.framework/Versions/A/CoreBluetooth
0x00007fff68038000 	/System/Library/PrivateFrameworks/SpeechRecognitionCore.framework/Versions/A/SpeechRecognitionCore
0x0000000103a00000 	/Library/Java/JavaVirtualMachines/jdk-13.jdk/Contents/Home/lib/server/libjvm.dylib
0x0000000102853000 	/Library/Java/JavaVirtualMachines/jdk-13.jdk/Contents/Home/lib/libverify.dylib
0x000000010285f000 	/Library/Java/JavaVirtualMachines/jdk-13.jdk/Contents/Home/lib/libjava.dylib
0x000000010289b000 	/Library/Java/JavaVirtualMachines/jdk-13.jdk/Contents/Home/lib/libinstrument.dylib
0x000000010291e000 	/Library/Java/JavaVirtualMachines/jdk-13.jdk/Contents/Home/lib/libzip.dylib
0x0000000102925000 	/Library/Java/JavaVirtualMachines/jdk-13.jdk/Contents/Home/lib/libjimage.dylib
0x000000012615a000 	/Library/Java/JavaVirtualMachines/jdk-13.jdk/Contents/Home/lib/libnio.dylib
0x0000000126168000 	/Library/Java/JavaVirtualMachines/jdk-13.jdk/Contents/Home/lib/libnet.dylib
0x00000001029fc000 	/Library/Java/JavaVirtualMachines/jdk-13.jdk/Contents/Home/lib/libextnet.dylib
0x0000000126203000 	/Library/Java/JavaVirtualMachines/jdk-13.jdk/Contents/Home/lib/libawt.dylib
0x0000000126299000 	/Library/Java/JavaVirtualMachines/jdk-13.jdk/Contents/Home/lib/libmlib_image.dylib
0x00007fff3d9f5000 	/System/Library/Frameworks/JavaVM.framework/Versions/A/Frameworks/JavaNativeFoundation.framework/Versions/A/JavaNativeFoundation
0x00007fff3d9fe000 	/System/Library/Frameworks/JavaVM.framework/Versions/A/Frameworks/JavaRuntimeSupport.framework/Versions/A/JavaRuntimeSupport
0x00007fff3da07000 	/System/Library/Frameworks/JavaVM.framework/Versions/A/JavaVM
0x00007fff5db28000 	/System/Library/PrivateFrameworks/JavaLaunching.framework/Versions/A/JavaLaunching
0x00007fff37d37000 	/System/Library/Frameworks/Carbon.framework/Versions/A/Carbon
0x00007fff52237000 	/System/Library/PrivateFrameworks/CoreSymbolication.framework/Versions/A/CoreSymbolication
0x00007fff37d38000 	/System/Library/Frameworks/Carbon.framework/Versions/A/Frameworks/CommonPanels.framework/Versions/A/CommonPanels
0x00007fff38031000 	/System/Library/Frameworks/Carbon.framework/Versions/A/Frameworks/Help.framework/Versions/A/Help
0x00007fff38035000 	/System/Library/Frameworks/Carbon.framework/Versions/A/Frameworks/ImageCapture.framework/Versions/A/ImageCapture
0x00007fff3803c000 	/System/Library/Frameworks/Carbon.framework/Versions/A/Frameworks/OpenScripting.framework/Versions/A/OpenScripting
0x00007fff3803b000 	/System/Library/Frameworks/Carbon.framework/Versions/A/Frameworks/Ink.framework/Versions/A/Ink
0x00007fff38077000 	/System/Library/Frameworks/Carbon.framework/Versions/A/Frameworks/Print.framework/Versions/A/Print
0x00007fff38078000 	/System/Library/Frameworks/Carbon.framework/Versions/A/Frameworks/SecurityHI.framework/Versions/A/SecurityHI
0x00007fff52b18000 	/System/Library/PrivateFrameworks/DebugSymbols.framework/Versions/A/DebugSymbols
0x00000001262ff000 	/Library/Java/JavaVirtualMachines/jdk-13.jdk/Contents/Home/lib/libawt_lwawt.dylib
0x00000001263a9000 	/Library/Java/JavaVirtualMachines/jdk-13.jdk/Contents/Home/lib/libosxapp.dylib
0x00007fff3b6fa000 	/System/Library/Frameworks/ExceptionHandling.framework/Versions/A/ExceptionHandling
0x00000001263c4000 	/Library/Java/JavaVirtualMachines/jdk-13.jdk/Contents/Home/lib/libfontmanager.dylib
0x00000001264c2000 	/Library/Java/JavaVirtualMachines/jdk-13.jdk/Contents/Home/lib/libfreetype.dylib
0x00007fff51cd2000 	/System/Library/PrivateFrameworks/CoreServicesInternal.framework/Versions/A/CoreServicesInternal
0x00007fff3b719000 	/System/Library/Frameworks/FileProvider.framework/Versions/A/FileProvider
0x00007fff361f7000 	/System/Library/Frameworks/Accounts.framework/Versions/A/Accounts
0x00007fff59fe3000 	/System/Library/PrivateFrameworks/GenerationalStorage.framework/Versions/A/GenerationalStorage
0x00007fff68869000 	/System/Library/PrivateFrameworks/SymptomDiagnosticReporter.framework/Versions/A/SymptomDiagnosticReporter
0x00007fff4be29000 	/System/Library/PrivateFrameworks/AppContainer.framework/Versions/A/AppContainer
0x00007fff6f60e000 	/usr/lib/libsandbox.1.dylib
0x00007fff6ad99000 	/System/Library/PrivateFrameworks/UserManagement.framework/Versions/A/UserManagement
0x00007fff4ea3a000 	/System/Library/PrivateFrameworks/ChunkingLibrary.framework/Versions/A/ChunkingLibrary
0x00007fff4be9b000 	/System/Library/PrivateFrameworks/AppSandbox.framework/Versions/A/AppSandbox
0x00007fff66246000 	/System/Library/PrivateFrameworks/SecCodeWrapper.framework/Versions/A/SecCodeWrapper
0x00007fff6d4e3000 	/usr/lib/libMatch.1.dylib
0x00007fff2d817000 	/System/Library/CoreServices/RawCamera.bundle/Contents/MacOS/RawCamera
0x00007fff5f42e000 	/System/Library/PrivateFrameworks/MobileAsset.framework/Versions/A/MobileAsset
0x00007fff68717000 	/System/Library/PrivateFrameworks/StreamingZip.framework/Versions/A/StreamingZip
0x00007fff3de88000 	/System/Library/Frameworks/MediaToolbox.framework/Versions/A/MediaToolbox
0x00007fff50452000 	/System/Library/PrivateFrameworks/CoreAVCHD.framework/Versions/A/CoreAVCHD
0x00007fff3ddb2000 	/System/Library/Frameworks/MediaAccessibility.framework/Versions/A/MediaAccessibility
0x00007fff5e7f9000 	/System/Library/PrivateFrameworks/Mangrove.framework/Versions/A/Mangrove
0x00007fff3a3bc000 	/System/Library/Frameworks/CoreMedia.framework/Versions/A/CoreMedia
0x00007fff5ea65000 	/System/Library/PrivateFrameworks/MediaExperience.framework/Versions/A/MediaExperience
0x00007fff46c6e000 	/System/Library/Frameworks/VideoToolbox.framework/Versions/A/VideoToolbox
0x00007fff5007c000 	/System/Library/PrivateFrameworks/CoreAUC.framework/Versions/A/CoreAUC
0x00007fff6f666000 	/usr/lib/libspindump.dylib
0x00007fff4d0e2000 	/System/Library/PrivateFrameworks/AudioResourceArbitration.framework/Versions/A/AudioResourceArbitration
0x00007fff4cafb000 	/System/Library/PrivateFrameworks/AppleVA.framework/Versions/A/AppleVA
0x00007fff34f3c000 	/System/Library/Frameworks/Accelerate.framework/Versions/A/Frameworks/vImage.framework/Versions/A/Libraries/libCGInterfaces.dylib
0x0000000128520000 	/usr/lib/libobjc-trampolines.dylib
0x00007fff550ab000 	/System/Library/PrivateFrameworks/FontServices.framework/libTrueTypeScaler.dylib
0x00007fff31e60000 	/System/Library/Extensions/AppleIntelKBLGraphicsMTLDriver.bundle/Contents/MacOS/AppleIntelKBLGraphicsMTLDriver
0x00007fff58619000 	/System/Library/PrivateFrameworks/GPUCompiler.framework/Versions/3902/Libraries/libmetal_timestamp.dylib
0x00007fff6bb6d000 	/System/Library/PrivateFrameworks/ViewBridge.framework/Versions/A/ViewBridge
0x00007fff6cda9000 	/System/Library/PrivateFrameworks/login.framework/Versions/A/login
0x00007fff43a60000 	/System/Library/Frameworks/OpenGL.framework/Versions/A/Resources/GLEngine.bundle/GLEngine
0x00007fff42e51000 	/System/Library/Frameworks/OpenGL.framework/Versions/A/Libraries/libGLProgrammability.dylib
0x00007fff31037000 	/System/Library/Extensions/AppleIntelKBLGraphicsGLDriver.bundle/Contents/MacOS/AppleIntelKBLGraphicsGLDriver
0x00007fff59cb5000 	/System/Library/PrivateFrameworks/GPUSupport.framework/Versions/A/Libraries/libGPUSupportMercury.dylib
0x00007fff43bda000 	/System/Library/Frameworks/OpenGL.framework/Versions/A/Resources/GLRendererFloat.bundle/GLRendererFloat
0x00007fff42414000 	/System/Library/Frameworks/OpenCL.framework/Versions/A/Libraries/libcldcpuengine.dylib
0x00007fff6dea4000 	/usr/lib/libcrypto.35.dylib
0x00007fff69271000 	/System/Library/PrivateFrameworks/TrustEvaluationAgent.framework/Versions/A/TrustEvaluationAgent
0x0000000129cab000 	/Library/Java/JavaVirtualMachines/jdk-13.jdk/Contents/Home/lib/libosxui.dylib
0x00007fff688e4000 	/System/Library/PrivateFrameworks/SystemAdministration.framework/Versions/A/SystemAdministration
0x00007fff52ebf000 	/System/Library/PrivateFrameworks/DiskManagement.framework/Versions/A/DiskManagement
0x00007fff3b443000 	/System/Library/Frameworks/DirectoryService.framework/Versions/A/DirectoryService
0x00007fff52df6000 	/System/Library/PrivateFrameworks/DiskImages.framework/Versions/A/DiskImages
0x00007fff5e003000 	/System/Library/PrivateFrameworks/LoginUIKit.framework/Versions/A/Frameworks/LoginUICore.framework/Versions/A/LoginUICore
0x00007fff6d14c000 	/usr/lib/libCoreStorage.dylib
0x00007fff6e2ac000 	/usr/lib/libcsfde.dylib
0x00007fff6f523000 	/usr/lib/libodfde.dylib
0x00007fff5eaf0000 	/System/Library/PrivateFrameworks/MediaKit.framework/Versions/A/MediaKit
0x00007fff3b44f000 	/System/Library/Frameworks/DiscRecording.framework/Versions/A/DiscRecording
0x00007fff5306e000 	/System/Library/PrivateFrameworks/EFILogin.framework/Versions/A/EFILogin
0x00007fff642b9000 	/System/Library/PrivateFrameworks/ProtectedCloudStorage.framework/Versions/A/ProtectedCloudStorage
0x00007fff6e320000 	/usr/lib/libcurl.4.dylib
0x00007fff6e1a5000 	/usr/lib/libcrypto.44.dylib
0x00007fff6f949000 	/usr/lib/libssl.46.dylib
0x00007fff3da20000 	/System/Library/Frameworks/LDAP.framework/Versions/A/LDAP
0x00007fff6f653000 	/usr/lib/libsasl2.2.dylib
0x00007fff5078d000 	/System/Library/PrivateFrameworks/CoreDaemon.framework/Versions/B/CoreDaemon
0x00007fff4ca10000 	/System/Library/PrivateFrameworks/AppleSRP.framework/Versions/A/AppleSRP


VM Arguments:
jvm_args: -javaagent:/Applications/IntelliJ IDEA.app/Contents/lib/idea_rt.jar=52100:/Applications/IntelliJ IDEA.app/Contents/bin -Dfile.encoding=UTF-8 
java_command: CalculatorX
java_class_path (initial): /Users/legitmichel777/IdeaProjects/CalculatorX/out/production/CalculatorX
Launcher Type: SUN_STANDARD

[Global flags]
     intx CICompilerCount                          = 4                                         {product} {ergonomic}
     uint ConcGCThreads                            = 2                                         {product} {ergonomic}
     uint G1ConcRefinementThreads                  = 8                                         {product} {ergonomic}
   size_t G1HeapRegionSize                         = 1048576                                   {product} {ergonomic}
    uintx GCDrainStackTargetSize                   = 64                                        {product} {ergonomic}
   size_t InitialHeapSize                          = 134217728                                 {product} {ergonomic}
   size_t MarkStackSize                            = 4194304                                   {product} {ergonomic}
   size_t MaxHeapSize                              = 2147483648                                {product} {ergonomic}
   size_t MaxNewSize                               = 1287651328                                {product} {ergonomic}
   size_t MinHeapDeltaBytes                        = 1048576                                   {product} {ergonomic}
   size_t MinHeapSize                              = 8388608                                   {product} {ergonomic}
    uintx NonNMethodCodeHeapSize                   = 5836300                                {pd product} {ergonomic}
    uintx NonProfiledCodeHeapSize                  = 122910970                              {pd product} {ergonomic}
    uintx ProfiledCodeHeapSize                     = 122910970                              {pd product} {ergonomic}
    uintx ReservedCodeCacheSize                    = 251658240                              {pd product} {ergonomic}
     bool SegmentedCodeCache                       = true                                      {product} {ergonomic}
   size_t SoftMaxHeapSize                          = 2147483648                             {manageable} {ergonomic}
     bool UseCompressedClassPointers               = true                                 {lp64_product} {ergonomic}
     bool UseCompressedOops                        = true                                 {lp64_product} {ergonomic}
     bool UseG1GC                                  = true                                      {product} {ergonomic}

Logging:
Log output configuration:
 #0: stdout all=warning uptime,level,tags
 #1: stderr all=off uptime,level,tags

Environment Variables:
PATH=/Library/Frameworks/Python.framework/Versions/3.8/bin:/usr/local/bin:/usr/bin:/bin:/usr/sbin:/sbin
SHELL=/bin/zsh

Signal Handlers:
SIGSEGV: [libjvm.dylib+0x781740], sa_mask[0]=11111111011111110111111111111111, sa_flags=SA_ONSTACK|SA_RESTART|SA_SIGINFO
SIGBUS: [libjvm.dylib+0x781740], sa_mask[0]=11111111011111110111111111111111, sa_flags=SA_RESTART|SA_SIGINFO
SIGFPE: [libjvm.dylib+0x781740], sa_mask[0]=11111111011111110111111111111111, sa_flags=SA_RESTART|SA_SIGINFO
SIGPIPE: [libjvm.dylib+0x62814d], sa_mask[0]=11111111011111110111111111111111, sa_flags=SA_RESTART|SA_SIGINFO
SIGXFSZ: [libjvm.dylib+0x62814d], sa_mask[0]=11111111011111110111111111111111, sa_flags=SA_RESTART|SA_SIGINFO
SIGILL: [libjvm.dylib+0x781740], sa_mask[0]=11111111011111110111111111111111, sa_flags=SA_RESTART|SA_SIGINFO
SIGUSR2: [libjvm.dylib+0x628737], sa_mask[0]=00100000000000000000000000000000, sa_flags=SA_RESTART|SA_SIGINFO
SIGHUP: [libjvm.dylib+0x627725], sa_mask[0]=11111111011111110111111111111111, sa_flags=SA_RESTART|SA_SIGINFO
SIGINT: [libjvm.dylib+0x627725], sa_mask[0]=11111111011111110111111111111111, sa_flags=SA_RESTART|SA_SIGINFO
SIGTERM: [libjvm.dylib+0x627725], sa_mask[0]=11111111011111110111111111111111, sa_flags=SA_RESTART|SA_SIGINFO
SIGQUIT: [libjvm.dylib+0x627725], sa_mask[0]=11111111011111110111111111111111, sa_flags=SA_RESTART|SA_SIGINFO


---------------  S Y S T E M  ---------------

OS:uname:Darwin 19.2.0 Darwin Kernel Version 19.2.0: Sat Nov  9 03:47:04 PST 2019; root:xnu-6153.61.1~20/RELEASE_X86_64 x86_64
rlimit: STACK 8192k, CORE 0k, NPROC 1392, NOFILE 10240, AS infinity, DATA infinity, FSIZE infinity
load average:1.54 1.63 1.89

CPU:total 8 (initial active 8) (4 cores per cpu, 2 threads per core) family 6 model 142 stepping 10, cmov, cx8, fxsr, mmx, sse, sse2, sse3, ssse3, sse4.1, sse4.2, popcnt, avx, avx2, aes, clmul, erms, 3dnowpref, lzcnt, ht, tsc, tscinvbit, bmi1, bmi2, adx, fma

Memory: 4k page, physical 8388608k(231840k free), swap 2097152k(1400064k free)

vm_info: Java HotSpot(TM) 64-Bit Server VM (13-ea+33) for bsd-amd64 JRE (13-ea+33), built on Aug  8 2019 06:44:26 by "mach5one" with clang 4.2.1 Compatible Apple LLVM 10.0.0 (clang-1000.11.45.5)

END.
